MPRINT(EM_DIAGRAM):    data _null_;
MPRINT(EM_DIAGRAM):   call symput('NLDATE', strip(put(date(), NLDATE.)));
MPRINT(EM_DIAGRAM):   call symput('NLTIME', strip(put(datetime(), NLTIME.)));
MPRINT(EM_DIAGRAM):   run;
MPRINT(EM_DIAGRAM):   data _null_;
MPRINT(EM_DIAGRAM):   nldate= sasmsg("sashelp.dmine", "log_date_note", 'N', "October 27, 2015" );
MPRINT(EM_DIAGRAM):   nltime= sasmsg("sashelp.dmine", "log_time_note", 'N', "13:22:32" );
MPRINT(EM_DIAGRAM):   put "*------------------------------------------------------------*";
MPRINT(EM_DIAGRAM):   put "* Report Log";
MPRINT(EM_DIAGRAM):   put nldate;
MPRINT(EM_DIAGRAM):   put nltime;
MPRINT(EM_DIAGRAM):   put "*------------------------------------------------------------*";
MPRINT(EM_DIAGRAM):   run;
*------------------------------------------------------------*
* Report Log
Date:                October 27, 2015
Time:                13:22:32
*------------------------------------------------------------*
MPRINT(EM_DIAGRAM):    filename O12YBUS9 "C:\Users\bteric01\Documents\Tutorials_Projects\Project_2\Workspaces\EMWS1\Score\EMREPORT.out" encoding="UTF-8" NOBOM;
MPRINT(EM_DIAGRAM):   proc printto print=O12YBUS9 new;
MPRINT(EM_DIAGRAM):   run;
23421      data WORK.SCOREFREQMETA;
MPRINT(EM_DIAGRAM):    data WORK.SCOREFREQMETA;
23422      length NAME $32 ROLE $32 LEVEL $8;
MPRINT(EM_DIAGRAM):   length NAME $32 ROLE $32 LEVEL $8;
23423      NAME="I_WidgBuy";
MPRINT(EM_DIAGRAM):   NAME="I_WidgBuy";
23424      ROLE="INPUT";
MPRINT(EM_DIAGRAM):   ROLE="INPUT";
23425      LEVEL="NOMINAL";
MPRINT(EM_DIAGRAM):   LEVEL="NOMINAL";
23426      TYPE="C";
MPRINT(EM_DIAGRAM):   TYPE="C";
23427      output;
MPRINT(EM_DIAGRAM):   output;
23428      NAME="b_WidgBuy";
MPRINT(EM_DIAGRAM):   NAME="b_WidgBuy";
23429      ROLE="INPUT";
MPRINT(EM_DIAGRAM):   ROLE="INPUT";
23430      LEVEL="NOMINAL";
MPRINT(EM_DIAGRAM):   LEVEL="NOMINAL";
23431      TYPE="N";
MPRINT(EM_DIAGRAM):   TYPE="N";
23432      output;
MPRINT(EM_DIAGRAM):   output;
23433      run;
MPRINT(EM_DIAGRAM):   run;

NOTE: The data set WORK.SCOREFREQMETA has 2 observations and 4 variables.
NOTE: DATA statement used (Total process time):
      real time           0.00 seconds
      cpu time            0.00 seconds
      

23434      data WORK.SCOREHISTMETA;
MPRINT(EM_DIAGRAM):    data WORK.SCOREHISTMETA;
23435      length NAME $32 ROLE $32 LEVEL $8;
MPRINT(EM_DIAGRAM):   length NAME $32 ROLE $32 LEVEL $8;
23436      NAME="P_WidgBuyYes";
MPRINT(EM_DIAGRAM):   NAME="P_WidgBuyYes";
23437      ROLE="INPUT";
MPRINT(EM_DIAGRAM):   ROLE="INPUT";
23438      LEVEL="INTERVAL";
MPRINT(EM_DIAGRAM):   LEVEL="INTERVAL";
23439      TYPE="N";
MPRINT(EM_DIAGRAM):   TYPE="N";
23440      output;
MPRINT(EM_DIAGRAM):   output;
23441      NAME="P_WidgBuyNo";
MPRINT(EM_DIAGRAM):   NAME="P_WidgBuyNo";
23442      ROLE="INPUT";
MPRINT(EM_DIAGRAM):   ROLE="INPUT";
23443      LEVEL="INTERVAL";
MPRINT(EM_DIAGRAM):   LEVEL="INTERVAL";
23444      TYPE="N";
MPRINT(EM_DIAGRAM):   TYPE="N";
23445      output;
MPRINT(EM_DIAGRAM):   output;
23446      run;
MPRINT(EM_DIAGRAM):   run;

NOTE: The data set WORK.SCOREHISTMETA has 2 observations and 4 variables.
NOTE: DATA statement used (Total process time):
      real time           0.01 seconds
      cpu time            0.01 seconds
      

NOTE: View EMWS1.MDLCOMP_TRAIN.VIEW used (Total process time):
      real time           0.23 seconds
      cpu time            0.21 seconds
      
23447      ods listing close;
MPRINT(EM_DIAGRAM):    ods listing close;
23448      ods output onewayfreqs=WORK.TEMPFREQ;
MPRINT(EM_DIAGRAM):   ods output onewayfreqs=WORK.TEMPFREQ;
23449      proc freq data = EMWS1.MdlComp_TRAIN order=formatted addnames;
MPRINT(EM_DIAGRAM):   proc freq data = EMWS1.MdlComp_TRAIN order=formatted addnames;
23450      table I_WidgBuy / missing;
MPRINT(EM_DIAGRAM):   table I_WidgBuy / missing;
23451      table b_WidgBuy / missing;
MPRINT(EM_DIAGRAM):   table b_WidgBuy / missing;
23452      run;
MPRINT(EM_DIAGRAM):   run;

NOTE: There were 20 observations read from the data set EMWS1.FIMPORT_DATA.
NOTE: There were 20 observations read from the data set EMWS1.FIMPORT_TRAIN.
NOTE: View EMWS1.MDLCOMP_TRAIN.VIEW used (Total process time):
      real time           0.23 seconds
      cpu time            0.21 seconds
      
NOTE: There were 20 observations read from the data set EMWS1.NEURAL_TRAIN.
NOTE: The data set WORK.TEMPFREQ has 19 observations and 10 variables.
NOTE: There were 20 observations read from the data set EMWS1.MDLCOMP_TRAIN.
NOTE: PROCEDURE FREQ used (Total process time):
      real time           0.28 seconds
      cpu time            0.26 seconds
      

MPRINT(EM_DIAGRAM):   quit;
23453      quit;
23454      ods listing;
MPRINT(EM_DIAGRAM):   ods listing;
23455      data WORK.Score_BAR(keep=_VARIABLE_ TYPE COUNT PERCENT _X_ _XLABEL_);
MPRINT(EM_DIAGRAM):    data WORK.Score_BAR(keep=_VARIABLE_ TYPE COUNT PERCENT _X_ _XLABEL_);
23456      label _VARIABLE_ = "%sysfunc(sasmsg(sashelp.dmine, rpt_variable_vlabel, NOQUOTE))" Type = "%sysfunc(sasmsg(sashelp.dmine, rpt_type_vlabel,         NOQUOTE))" _X_ = "%sysfunc(sasmsg(sashelp.dmine, rpt_numValue_vlabel, NOQUOTE))" _XLABEL_ =
23457         "%sysfunc(sasmsg(sashelp.dmine, rpt_fmtValue_vlabel ,    NOQUOTE))" COUNT = "%sysfunc(sasmsg(sashelp.dmine, rpt_count_vlabel,        NOQUOTE))" PERCENT = "%sysfunc(sasmsg(sashelp.dmine, rpt_percent_vlabel,      NOQUOTE))";
MPRINT(EM_DIAGRAM):   label _VARIABLE_ = "Variable" Type = "Type" _X_ = "Numeric Value" _XLABEL_ = "Formatted Value" COUNT = "Frequency Count" PERCENT = "Percent";
23458      dsid = open("WORK.TEMPFREQ");
MPRINT(EM_DIAGRAM):   dsid = open("WORK.TEMPFREQ");
23459      varnum = varnum(dsid, 'VARIABLE');
MPRINT(EM_DIAGRAM):   varnum = varnum(dsid, 'VARIABLE');
23460      freqnum = varnum(dsid, 'FREQUENCY');
MPRINT(EM_DIAGRAM):   freqnum = varnum(dsid, 'FREQUENCY');
23461      pvarnum = varnum(dsid, 'PERCENT');
MPRINT(EM_DIAGRAM):   pvarnum = varnum(dsid, 'PERCENT');
23462      typenum = varnum(dsid, '_TYPE_');
MPRINT(EM_DIAGRAM):   typenum = varnum(dsid, '_TYPE_');
23463      length _VARIABLE_ $32 TYPE $1 _XLABEL_ $32;
MPRINT(EM_DIAGRAM):   length _VARIABLE_ $32 TYPE $1 _XLABEL_ $32;
23464      do while(^fetch(dsid));
MPRINT(EM_DIAGRAM):   do while(^fetch(dsid));
23465      _VARIABLE_ = strip(getvarc(dsid, varnum));
MPRINT(EM_DIAGRAM):   _VARIABLE_ = strip(getvarc(dsid, varnum));
23466      count = getvarn(dsid, freqnum);
MPRINT(EM_DIAGRAM):   count = getvarn(dsid, freqnum);
23467      percent= getvarn(dsid, pvarnum);
MPRINT(EM_DIAGRAM):   percent= getvarn(dsid, pvarnum);
23468      vvarnum = varnum(dsid, _VARIABLE_);
MPRINT(EM_DIAGRAM):   vvarnum = varnum(dsid, _VARIABLE_);
23469      type = vartype(dsid, vvarnum);
MPRINT(EM_DIAGRAM):   type = vartype(dsid, vvarnum);
23470      fvarnum = varnum(dsid, 'F_'!!substr(_VARIABLE_, 1, 30));
MPRINT(EM_DIAGRAM):   fvarnum = varnum(dsid, 'F_'!!substr(_VARIABLE_, 1, 30));
23471      _XLABEL_ = left(getvarc(dsid, fvarnum));
MPRINT(EM_DIAGRAM):   _XLABEL_ = left(getvarc(dsid, fvarnum));
23472      _X_ = .;
MPRINT(EM_DIAGRAM):   _X_ = .;
23473      if TYPE eq 'N' then _X_ = getvarn(dsid, vvarnum);
MPRINT(EM_DIAGRAM):   if TYPE eq 'N' then _X_ = getvarn(dsid, vvarnum);
23474      output;
MPRINT(EM_DIAGRAM):   output;
23475      end;
MPRINT(EM_DIAGRAM):   end;
23476      dsid = close(dsid);
MPRINT(EM_DIAGRAM):   dsid = close(dsid);
23477      run;
MPRINT(EM_DIAGRAM):   run;

NOTE: The data set WORK.SCORE_BAR has 19 observations and 6 variables.
NOTE: DATA statement used (Total process time):
      real time           0.06 seconds
      cpu time            0.06 seconds
      

23478      proc sort data=WORK.Score_BAR NOTHREADS;
MPRINT(EM_DIAGRAM):   proc sort data=WORK.Score_BAR NOTHREADS;
23479      by _VARIABLE_;
MPRINT(EM_DIAGRAM):   by _VARIABLE_;
23480      run;
MPRINT(EM_DIAGRAM):   run;

NOTE: There were 19 observations read from the data set WORK.SCORE_BAR.
NOTE: The data set WORK.SCORE_BAR has 19 observations and 6 variables.
NOTE: PROCEDURE SORT used (Total process time):
      real time           0.01 seconds
      cpu time            0.01 seconds
      

23481      proc sort data=WORK.M1ZTWOKH;
MPRINT(EM_DIAGRAM):   proc sort data=WORK.M1ZTWOKH;
23482      by Name;
MPRINT(EM_DIAGRAM):   by Name;
23483      run;
MPRINT(EM_DIAGRAM):   run;

NOTE: There were 2 observations read from the data set WORK.M1ZTWOKH.
NOTE: The data set WORK.M1ZTWOKH has 2 observations and 4 variables.
NOTE: PROCEDURE SORT used (Total process time):
      real time           0.01 seconds
      cpu time            0.01 seconds
      

23484      data WORK.Score_BAR;
MPRINT(EM_DIAGRAM):   data WORK.Score_BAR;
23485      merge WORK.Score_BAR(in=_a) WORK.M1ZTWOKH(keep=Name Role rename=(Name=_Variable_));
MPRINT(EM_DIAGRAM):   merge WORK.Score_BAR(in=_a) WORK.M1ZTWOKH(keep=Name Role rename=(Name=_Variable_));
23486      by _Variable_;
MPRINT(EM_DIAGRAM):   by _Variable_;
23487      label Role = "%sysfunc(sasmsg(sashelp.dmine, meta_role_vlabel ,  NOQUOTE))";
MPRINT(EM_DIAGRAM):   label Role = "Role";
23488      if _a then output;
MPRINT(EM_DIAGRAM):   if _a then output;
23489      run;
MPRINT(EM_DIAGRAM):   run;

NOTE: There were 19 observations read from the data set WORK.SCORE_BAR.
NOTE: There were 2 observations read from the data set WORK.M1ZTWOKH.
NOTE: The data set WORK.SCORE_BAR has 19 observations and 7 variables.
NOTE: DATA statement used (Total process time):
      real time           0.03 seconds
      cpu time            0.03 seconds
      

23490      data WORK.Score_BAR;
MPRINT(EM_DIAGRAM):    data WORK.Score_BAR;
23491      length DATAROLE $8 TYPE $14;
MPRINT(EM_DIAGRAM):   length DATAROLE $8 TYPE $14;
23492      retain DATAROLE "TRAIN";
MPRINT(EM_DIAGRAM):   retain DATAROLE "TRAIN";
23493      set WORK.Score_BAR;
MPRINT(EM_DIAGRAM):   set WORK.Score_BAR;
23494      run;
MPRINT(EM_DIAGRAM):   run;

NOTE: There were 19 observations read from the data set WORK.SCORE_BAR.
NOTE: The data set WORK.SCORE_BAR has 19 observations and 8 variables.
NOTE: DATA statement used (Total process time):
      real time           0.01 seconds
      cpu time            0.01 seconds
      

23495      proc append base=EMWS1.Score_BAR data=WORK.Score_BAR;
MPRINT(EM_DIAGRAM):   proc append base=EMWS1.Score_BAR data=WORK.Score_BAR;
23496      run;
MPRINT(EM_DIAGRAM):   run;

NOTE: Appending WORK.SCORE_BAR to EMWS1.SCORE_BAR.
NOTE: BASE data set does not exist. DATA file is being copied to BASE file.
NOTE: There were 19 observations read from the data set WORK.SCORE_BAR.
NOTE: The data set EMWS1.SCORE_BAR has 19 observations and 8 variables.
NOTE: PROCEDURE APPEND used (Total process time):
      real time           0.01 seconds
      cpu time            0.00 seconds
      

23497      %var_profile(DATA=EMWS1.MdlComp_TRAIN, OUTPUT=work.Score_VARHIST, METADATA=WORK.SCOREHISTMETA, COMPUTESTAT=N, BINDATA=_bindata, STAT=_STAT, PCTLSTAT=work.Score_SUMDATA, FREQ=, BIN=Y, NUMBARS= 16);
MPRINT(EM_DIAGRAM):   
*------------------------------------------------------------*
* Score: Computing Summary Statistics
*------------------------------------------------------------*
MPRINT(VAR_PROFILE):   filename _mac catalog 'WORK.MACROS.VARIABLES.SOURCE';
MPRINT(VAR_PROFILE):   data _null;
MPRINT(VAR_PROFILE):   set WORK.SCOREHISTMETA(where=(LEVEL = 'INTERVAL' and ROLE ne 'FREQ')) end=eof;
MPRINT(VAR_PROFILE):   if eof then call symput('_nobs', put(_N_, best.));
MPRINT(VAR_PROFILE):   run;

NOTE: There were 2 observations read from the data set WORK.SCOREHISTMETA.
      WHERE (LEVEL='INTERVAL') and (ROLE not = 'FREQ');
NOTE: The data set WORK._NULL has 2 observations and 4 variables.
NOTE: DATA statement used (Total process time):
      real time           0.01 seconds
      cpu time            0.01 seconds
      

MPRINT(VAR_PROFILE):   data _null_;
MPRINT(VAR_PROFILE):   file _mac;
MPRINT(VAR_PROFILE):   length _VARS $80;
MPRINT(VAR_PROFILE):   retain _vars;
MPRINT(VAR_PROFILE):   if _n_ =1 then put '%macro _vars;';
MPRINT(VAR_PROFILE):   set WORK.SCOREHISTMETA end=eof;
MPRINT(VAR_PROFILE):   where LEVEL = 'INTERVAL' or ROLE='FREQ';
MPRINT(VAR_PROFILE):   if ROLE='FREQ' then call symput('FREQ', trim(NAME));
MPRINT(VAR_PROFILE):   else do;
MPRINT(VAR_PROFILE):   if length(strip(_vars)) + length(strip(NAME)) + 1 <80 then _vars = strip(_vars)!! ' ' !!strip(NAME);
MPRINT(VAR_PROFILE):   else do;
MPRINT(VAR_PROFILE):   put _Vars;
MPRINT(VAR_PROFILE):   _vars = strip(NAME);
MPRINT(VAR_PROFILE):   end;
MPRINT(VAR_PROFILE):   end;
MPRINT(VAR_PROFILE):   if eof then do;
MPRINT(VAR_PROFILE):   put _Vars;
MPRINT(VAR_PROFILE):   put '%mend _vars;';
MPRINT(VAR_PROFILE):   end;
MPRINT(VAR_PROFILE):   run;

NOTE: The file _MAC is:
      Catalog Name=WORK.MACROS.VARIABLES.SOURCE,
      Catalog Page Size=4096,
      Number of Catalog Pages=4,
      Created=Tue, Oct 27, 2015 01:22:33 PM,
      Last Modified=Tue, Oct 27, 2015 01:22:33 PM,
      Filename=C:\Users\bteric01\AppData\Local\Temp\SAS Temporary Files\_TD4260_COB-IT-M16_\Prc2\macros.sas7bcat,
      Release Created=9.0401M1,Host Created=X64_7PRO

NOTE: 3 records were written to the file _MAC.
      The minimum record length was 12.
      The maximum record length was 24.
NOTE: There were 2 observations read from the data set WORK.SCOREHISTMETA.
      WHERE (LEVEL='INTERVAL') or (ROLE='FREQ');
NOTE: DATA statement used (Total process time):
      real time           0.01 seconds
      cpu time            0.00 seconds
      

NOTE: %INCLUDE (level 1) file _MAC is file WORK.MACROS.VARIABLES.SOURCE.
23498     +%macro _vars;
23499     +P_WidgBuyYes P_WidgBuyNo
23500     +%mend _vars;
NOTE: %INCLUDE (level 1) ending.
MPRINT(VAR_PROFILE):   filename _mac;
NOTE: Fileref _MAC has been deassigned.
*------------------------------------------------------------*
* computingmidpoints_note
*------------------------------------------------------------*
MPRINT(VAR_PROFILE):   filename fref catalog 'work.em.profileformat.source';
MPRINT(VAR_PROFILE):   proc dmdb data=EMWS1.MdlComp_TRAIN(obs=1000000) classout=_CLASSOUT maxlevel=17;
MPRINT(VAR_PROFILE):   class
MPRINT(_VARS):   P_WidgBuyYes P_WidgBuyNo
MPRINT(VAR_PROFILE):   ;
MPRINT(VAR_PROFILE):   run;

NOTE: Records processed = 20   Memory used = 511K.
NOTE: There were 20 observations read from the data set EMWS1.FIMPORT_DATA.
NOTE: There were 20 observations read from the data set EMWS1.FIMPORT_TRAIN.
NOTE: View EMWS1.MDLCOMP_TRAIN.VIEW used (Total process time):
      real time           0.20 seconds
      cpu time            0.20 seconds
      
NOTE: There were 20 observations read from the data set EMWS1.NEURAL_TRAIN.
NOTE: There were 20 observations read from the data set EMWS1.MDLCOMP_TRAIN.
NOTE: The data set WORK._CLASSOUT has 34 observations and 9 variables.
NOTE: PROCEDURE DMDB used (Total process time):
      real time           0.23 seconds
      cpu time            0.25 seconds
      

MPRINT(VAR_PROFILE):   proc freq data=_CLASSOUT ORDER=DATA noprint;
MPRINT(VAR_PROFILE):   table NAME / OUT = _COUNT(where=(COUNT<17));
MPRINT(VAR_PROFILE):   run;

NOTE: There were 34 observations read from the data set WORK._CLASSOUT.
NOTE: The data set WORK._COUNT has 0 observations and 3 variables.
NOTE: PROCEDURE FREQ used (Total process time):
      real time           0.01 seconds
      cpu time            0.01 seconds
      

MPRINT(VAR_PROFILE):   proc sort data=_COUNT(keep=NAME COUNT rename=(COUNT=_NUMCLASSBINS_));
MPRINT(VAR_PROFILE):   by NAME;
MPRINT(VAR_PROFILE):   run;

NOTE: Input data set is empty.
NOTE: The data set WORK._COUNT has 0 observations and 2 variables.
NOTE: PROCEDURE SORT used (Total process time):
      real time           0.01 seconds
      cpu time            0.01 seconds
      

MPRINT(VAR_PROFILE):   proc sort data=_CLASSOUT;
MPRINT(VAR_PROFILE):   by NAME;
MPRINT(VAR_PROFILE):   run;

NOTE: There were 34 observations read from the data set WORK._CLASSOUT.
NOTE: The data set WORK._CLASSOUT has 34 observations and 9 variables.
NOTE: PROCEDURE SORT used (Total process time):
      real time           0.01 seconds
      cpu time            0.01 seconds
      

MPRINT(VAR_PROFILE):   proc transpose data=_CLASSOUT out=_DISCRETEMID(DROP=_NAME_ RENAME=(NAME=VARIABLE)) prefix=_MIDPOINT;
MPRINT(VAR_PROFILE):   var NRAW;
MPRINT(VAR_PROFILE):   by NAME;
MPRINT(VAR_PROFILE):   run;

NOTE: There were 34 observations read from the data set WORK._CLASSOUT.
NOTE: The data set WORK._DISCRETEMID has 2 observations and 18 variables.
NOTE: PROCEDURE TRANSPOSE used (Total process time):
      real time           0.03 seconds
      cpu time            0.03 seconds
      

MPRINT(VAR_PROFILE):   proc delete data=WORK._CLASSOUT;
MPRINT(VAR_PROFILE):   run;

NOTE: Deleting WORK._CLASSOUT (memtype=DATA).
NOTE: PROCEDURE DELETE used (Total process time):
      real time           0.00 seconds
      cpu time            0.00 seconds
      

MPRINT(VAR_PROFILE):   data _null_;
MPRINT(VAR_PROFILE):   dsid = open('_DISCRETEMID');
MPRINT(VAR_PROFILE):   if dsid then do;
MPRINT(VAR_PROFILE):   call symput('NUMCLASSBARS', left(trim(put(attrn(dsid, 'NVARS')-1, best12.))));
MPRINT(VAR_PROFILE):   dsid = close(dsid);
MPRINT(VAR_PROFILE):   end;
MPRINT(VAR_PROFILE):   run;

NOTE: DATA statement used (Total process time):
      real time           0.00 seconds
      cpu time            0.00 seconds
      

MPRINT(VAR_PROFILE):   data _DISCRETEMID;
MPRINT(VAR_PROFILE):   merge _DISCRETEMID _COUNT(in=_b rename=(NAME=VARIABLE));
MPRINT(VAR_PROFILE):   keep VARIABLE _MIDPOINT1--_MIDPOINT17 _NUMCLASSBINS_;
MPRINT(VAR_PROFILE):   by VARIABLE;
MPRINT(VAR_PROFILE):   if _b then output;
MPRINT(VAR_PROFILE):   run;

NOTE: There were 2 observations read from the data set WORK._DISCRETEMID.
NOTE: There were 0 observations read from the data set WORK._COUNT.
NOTE: The data set WORK._DISCRETEMID has 0 observations and 19 variables.
NOTE: DATA statement used (Total process time):
      real time           0.01 seconds
      cpu time            0.01 seconds
      

MPRINT(VAR_PROFILE):   data _EMVARDIST / view=_EMVARDIST;
MPRINT(VAR_PROFILE):   set EMWS1.MdlComp_TRAIN(keep
MPRINT(VAR_PROFILE):  =P_WidgBuyYes P_WidgBuyNo obs=1000000);
MPRINT(VAR_PROFILE):   run;

NOTE: DATA STEP view saved on file WORK._EMVARDIST.
NOTE: A stored DATA STEP view cannot run under a different operating system.
NOTE: View EMWS1.MDLCOMP_TRAIN.VIEW used (Total process time):
      real time           0.18 seconds
      cpu time            0.18 seconds
      
NOTE: DATA statement used (Total process time):
      real time           0.23 seconds
      cpu time            0.21 seconds
      

WARNING: The SAS/STAT product with which STDIZE (2) is associated will be expiring soon, and is currently in warning mode to indicate this upcoming expiration. Please run PROC SETINIT to obtain more information on your warning period.
MPRINT(VAR_PROFILE):   proc stdize data=_EMVARDIST outstat=work.Score_SUMDATA out=_null_ pctlpts=(0 5 25 50 75 95 100);
MPRINT(VAR_PROFILE):   var
MPRINT(_VARS):   P_WidgBuyYes P_WidgBuyNo
MPRINT(VAR_PROFILE):   ;
MPRINT(VAR_PROFILE):   run;

NOTE: There were 20 observations read from the data set EMWS1.FIMPORT_DATA.
NOTE: There were 20 observations read from the data set EMWS1.FIMPORT_TRAIN.
NOTE: There were 20 observations read from the data set EMWS1.NEURAL_TRAIN.
NOTE: View WORK._EMVARDIST.VIEW used (Total process time):
      real time           0.43 seconds
      cpu time            0.39 seconds
      
NOTE: There were 20 observations read from the data set EMWS1.MDLCOMP_TRAIN.
NOTE: There were 20 observations read from the data set WORK._EMVARDIST.
NOTE: The data set WORK.SCORE_SUMDATA has 15 observations and 3 variables.
NOTE: PROCEDURE STDIZE used (Total process time):
      real time           0.48 seconds
      cpu time            0.42 seconds
      

MPRINT(VAR_PROFILE):   proc datasets lib=WORK NOLIST;
MPRINT(VAR_PROFILE):   delete _EMVARDIST / mt=view;
MPRINT(VAR_PROFILE):   run;

NOTE: Deleting WORK._EMVARDIST (memtype=VIEW).
MPRINT(VAR_PROFILE):   quit;

NOTE: PROCEDURE DATASETS used (Total process time):
      real time           0.03 seconds
      cpu time            0.03 seconds
      

MPRINT(VAR_PROFILE):   proc transpose data=work.Score_SUMDATA out=_bindata(rename=(_NAME_=VARIABLE COL1=MIN COL2=P5 COL3=P95 COL4=MAX));
MPRINT(VAR_PROFILE):   where _type_ in('P0', 'P5', 'P95', 'P100');
MPRINT(VAR_PROFILE):   run;

NOTE: There were 4 observations read from the data set WORK.SCORE_SUMDATA.
      WHERE _type_ in ('P0', 'P100', 'P5', 'P95');
NOTE: The data set WORK._BINDATA has 2 observations and 6 variables.
NOTE: PROCEDURE TRANSPOSE used (Total process time):
      real time           0.01 seconds
      cpu time            0.01 seconds
      

MPRINT(VAR_PROFILE):   proc sort data=_bindata;
MPRINT(VAR_PROFILE):   by VARIABLE;
MPRINT(VAR_PROFILE):   run;

NOTE: There were 2 observations read from the data set WORK._BINDATA.
NOTE: The data set WORK._BINDATA has 2 observations and 6 variables.
NOTE: PROCEDURE SORT used (Total process time):
      real time           0.01 seconds
      cpu time            0.01 seconds
      

MPRINT(VAR_PROFILE):   data _bindata;
MPRINT(VAR_PROFILE):   set _bindata;
MPRINT(VAR_PROFILE):   length Format $12;
MPRINT(VAR_PROFILE):   array _midpoint{28};
MPRINT(VAR_PROFILE):   array _bounds{28};
MPRINT(VAR_PROFILE):   if (max - min)>1e-10 then do;
MPRINT(VAR_PROFILE):   step = abs(P95-P5)/16;
MPRINT(VAR_PROFILE):   lstep = abs(p5- min)/5;
MPRINT(VAR_PROFILE):   ustep = abs(max-p95)/5;
MPRINT(VAR_PROFILE):   ;
MPRINT(VAR_PROFILE):   if lstep<=step and ustep<=step then do;
MPRINT(VAR_PROFILE):   step = abs(MIN-MAX)/16;
MPRINT(VAR_PROFILE):   START=MIN;
MPRINT(VAR_PROFILE):   do i=1 to 16;
MPRINT(VAR_PROFILE):   _bounds(i) = MIN + i*step;
MPRINT(VAR_PROFILE):   if abs(_bounds{i})< 1e-10 then _bounds(i)= 0;
MPRINT(VAR_PROFILE):   _midpoint(i) = MIN+ (i-0.5)*step;
MPRINT(VAR_PROFILE):   if abs(_midpoint{i})< 1e-10 then _midpoint(i)= 0;
MPRINT(VAR_PROFILE):   end;
MPRINT(VAR_PROFILE):   end;
MPRINT(VAR_PROFILE):   else do;
MPRINT(VAR_PROFILE):   if lstep<=step then do;
MPRINT(VAR_PROFILE):   step = abs(MIN-P95)/16;
MPRINT(VAR_PROFILE):   do i=1 to 16;
MPRINT(VAR_PROFILE):   _bounds(i) = MIN + i*step;
MPRINT(VAR_PROFILE):   if abs(_bounds{i})< 1e-10 then _bounds(i)= 0;
MPRINT(VAR_PROFILE):   _midpoint(i) = MIN+ (i-0.5)*step;
MPRINT(VAR_PROFILE):   if abs(_midpoint{i})< 1e-10 then _midpoint(i)= 0;
MPRINT(VAR_PROFILE):   end;
MPRINT(VAR_PROFILE):   do i=1 to 5;
MPRINT(VAR_PROFILE):   numbars = 16 + i;
MPRINT(VAR_PROFILE):   _bounds(numbars) = P95 + i*ustep;
MPRINT(VAR_PROFILE):   if abs(_bounds{numbars})< 1e-10 then _bounds(numbars)= 0;
MPRINT(VAR_PROFILE):   _midpoint(numbars) = P95 + (i-0.5)*ustep + abs(ustep-step)/2;
MPRINT(VAR_PROFILE):   if abs(_bounds{numbars})< 1e-10 then _bounds(numbars)= 0;
MPRINT(VAR_PROFILE):   end;
MPRINT(VAR_PROFILE):   end;
MPRINT(VAR_PROFILE):   else do;
MPRINT(VAR_PROFILE):   do i=1 to 5;
MPRINT(VAR_PROFILE):   _bounds(i) = P5 - (5-i)*lstep;
MPRINT(VAR_PROFILE):   if abs(_bounds{i})< 1e-10 then _bounds(i)= 0;
MPRINT(VAR_PROFILE):   _midpoint(i) = P5 - (5 - i + 0.5)*lstep - abs(lstep-step)/2;
MPRINT(VAR_PROFILE):   if abs(_midpoint{i})< 1e-10 then _midpoint(i)= 0;
MPRINT(VAR_PROFILE):   end;
MPRINT(VAR_PROFILE):   if ustep<= step then do;
MPRINT(VAR_PROFILE):   step = abs(P5-MAX)/16;
MPRINT(VAR_PROFILE):   do i=1 to 16;
MPRINT(VAR_PROFILE):   numbars = i+5;
MPRINT(VAR_PROFILE):   _bounds(numbars) = P5 + i*step;
MPRINT(VAR_PROFILE):   if abs(_bounds{numbars})< 1e-10 then _bounds(numbars)= 0;
MPRINT(VAR_PROFILE):   _midpoint(numbars) = P5 + (i-0.5)*step;
MPRINT(VAR_PROFILE):   if abs(_midpoint{numbars})< 1e-10 then _midpoint(numbars)= 0;
MPRINT(VAR_PROFILE):   end;
MPRINT(VAR_PROFILE):   end;
MPRINT(VAR_PROFILE):   else do;
MPRINT(VAR_PROFILE):   do i=1 to 16;
MPRINT(VAR_PROFILE):   numbars = i+5;
MPRINT(VAR_PROFILE):   _bounds(numbars) = P5 + i*step;
MPRINT(VAR_PROFILE):   if abs(_bounds{numbars})< 1e-10 then _bounds(numbars)= 0;
MPRINT(VAR_PROFILE):   _midpoint(numbars) = P5 + (i-0.5)*step;
MPRINT(VAR_PROFILE):   if abs(_midpoint{numbars})< 1e-10 then _midpoint(numbars)= 0;
MPRINT(VAR_PROFILE):   end;
MPRINT(VAR_PROFILE):   do i=1 to 5;
MPRINT(VAR_PROFILE):   numbars = 16+5+i;
MPRINT(VAR_PROFILE):   _bounds(numbars) = P95 + i*ustep;
MPRINT(VAR_PROFILE):   if abs(_bounds{numbars})< 1e-10 then _bounds(numbars)= 0;
MPRINT(VAR_PROFILE):   _midpoint(numbars) = P95 + (i-0.5)*ustep + abs(ustep-step)/2;
MPRINT(VAR_PROFILE):  if abs(_midpoint{numbars})< 1e-10 then _midpoint(numbars)= 0;
MPRINT(VAR_PROFILE):   end;
MPRINT(VAR_PROFILE):   end;
MPRINT(VAR_PROFILE):   end;
MPRINT(VAR_PROFILE):   end;
MPRINT(VAR_PROFILE):   end;
MPRINT(VAR_PROFILE):   else do;
MPRINT(VAR_PROFILE):   _bounds(1) = MIN;
MPRINT(VAR_PROFILE):   _midpoint(1) = MIN;
MPRINT(VAR_PROFILE):   end;
MPRINT(VAR_PROFILE):   Format = 'F'!!trim(left(put(_n_,6.)))!!'_';
MPRINT(VAR_PROFILE):   run;

NOTE: There were 2 observations read from the data set WORK._BINDATA.
NOTE: The data set WORK._BINDATA has 2 observations and 69 variables.
NOTE: DATA statement used (Total process time):
      real time           0.04 seconds
      cpu time            0.04 seconds
      

MPRINT(VAR_PROFILE):   data _bindata;
MPRINT(VAR_PROFILE):   merge _bindata _DISCRETEMID(in = _b);
MPRINT(VAR_PROFILE):   by VARIABLE;
MPRINT(VAR_PROFILE):   if _b then _DISCRETE=1;
MPRINT(VAR_PROFILE):   else _DISCRETE=0;
MPRINT(VAR_PROFILE):   run;

WARNING: Multiple lengths were specified for the BY variable VARIABLE by input data sets. This might cause unexpected results.
NOTE: There were 2 observations read from the data set WORK._BINDATA.
NOTE: There were 0 observations read from the data set WORK._DISCRETEMID.
NOTE: The data set WORK._BINDATA has 2 observations and 71 variables.
NOTE: DATA statement used (Total process time):
      real time           0.01 seconds
      cpu time            0.01 seconds
      

MPRINT(VAR_PROFILE):   data _null_;
MPRINT(VAR_PROFILE):   file fref;
MPRINT(VAR_PROFILE):   set _bindata end=eof;
MPRINT(VAR_PROFILE):   array _bounds{26};
MPRINT(VAR_PROFILE):   array _midpoint{26};
MPRINT(VAR_PROFILE):   if _n_=1 then put 'proc format;';
MPRINT(VAR_PROFILE):   put 'value ' Format;
MPRINT(VAR_PROFILE):   if _DISCRETE then do;
MPRINT(VAR_PROFILE):   do i=1 to 16;
MPRINT(VAR_PROFILE):   _MID = _midpoint{i};
MPRINT(VAR_PROFILE):   if _MID ne . and i<= _NUMCLASSBINS_ then put _MID '="' _MID '"';
MPRINT(VAR_PROFILE):   end;
MPRINT(VAR_PROFILE):   put ';';
MPRINT(VAR_PROFILE):   end;
MPRINT(VAR_PROFILE):   else do;
MPRINT(VAR_PROFILE):   if min eq max then do;
MPRINT(VAR_PROFILE):   put 'low - high ="' MIN '";';
MPRINT(VAR_PROFILE):   end;
MPRINT(VAR_PROFILE):   else do;
MPRINT(VAR_PROFILE):   _LB = MIN;
MPRINT(VAR_PROFILE):   _MID = _midpoint{1};
MPRINT(VAR_PROFILE):   _UB = _bounds{1};
MPRINT(VAR_PROFILE):   put 'LOW -' _UB '="' _MID '"';
MPRINT(VAR_PROFILE):   do i=1 to 26-1;
MPRINT(VAR_PROFILE):   _LB = _bounds{i};
MPRINT(VAR_PROFILE):   j=i+1;
MPRINT(VAR_PROFILE):   _MID = _midpoint{j};
MPRINT(VAR_PROFILE):   _UB = _bounds{j};
MPRINT(VAR_PROFILE):   if (_UB ne .) and (_LB ne _UB) then do;
MPRINT(VAR_PROFILE):   if _UB>=MAX then put _LB '-HIGH="' _MID '"';
MPRINT(VAR_PROFILE):   else put _LB '-' _UB '="' _MID '"';
MPRINT(VAR_PROFILE):   end;
MPRINT(VAR_PROFILE):   end;
MPRINT(VAR_PROFILE):   end;
MPRINT(VAR_PROFILE):   end;
MPRINT(VAR_PROFILE):   put ';';
MPRINT(VAR_PROFILE):   if eof then put 'run;';
MPRINT(VAR_PROFILE):   run;

NOTE: The file FREF is:
      Catalog Name=WORK.EM.PROFILEFORMAT.SOURCE,
      Catalog Page Size=4096,
      Number of Catalog Pages=4,
      Created=Tue, Oct 27, 2015 01:22:34 PM,
      Last Modified=Tue, Oct 27, 2015 01:22:34 PM,
      Filename=C:\Users\bteric01\AppData\Local\Temp\SAS Temporary Files\_TD4260_COB-IT-M16_\Prc2\em.sas7bcat,
      Release Created=9.0401M1,Host Created=X64_7PRO

NOTE: 38 records were written to the file FREF.
      The minimum record length was 1.
      The maximum record length was 43.
NOTE: There were 2 observations read from the data set WORK._BINDATA.
NOTE: DATA statement used (Total process time):
      real time           0.03 seconds
      cpu time            0.03 seconds
      

NOTE: %INCLUDE (level 1) file FREF is file WORK.EM.PROFILEFORMAT.SOURCE.
23501     +proc format;
MPRINT(VAR_PROFILE):   proc format;
23502     +value F1_
23503     +LOW -0.0626169457 ="0.0313819376 "
23504     +0.0626169457 -0.1250869621 ="0.0938519539 "
23505     +0.1250869621 -0.1875569784 ="0.1563219702 "
23506     +0.1875569784 -0.2500269947 ="0.2187919865 "
23507     +0.2500269947 -0.312497011 ="0.2812620028 "
23508     +0.312497011 -0.3749670273 ="0.3437320191 "
23509     +0.3749670273 -0.4374370436 ="0.4062020355 "
23510     +0.4374370436 -0.4999070599 ="0.4686720518 "
23511     +0.4999070599 -0.5623770762 ="0.5311420681 "
23512     +0.5623770762 -0.6248470925 ="0.5936120844 "
23513     +0.6248470925 -0.6873171089 ="0.6560821007 "
23514     +0.6873171089 -0.7497871252 ="0.718552117 "
23515     +0.7497871252 -0.8122571415 ="0.7810221333 "
23516     +0.8122571415 -0.8747271578 ="0.8434921496 "
23517     +0.8747271578 -0.9371971741 ="0.9059621659 "
23518     +0.9371971741 -HIGH="0.9684321823 "
23519     +;
MPRINT(VAR_PROFILE):   value F1_ LOW -0.0626169457 ="0.0313819376 " 0.0626169457 -0.1250869621 ="0.0938519539 " 0.1250869621 -0.1875569784 ="0.1563219702 " 0.1875569784 -0.2500269947 ="0.2187919865 " 0.2500269947 -0.312497011 ="0.2812620028 " 0.312497011 
-0.3749670273 ="0.3437320191 " 0.3749670273 -0.4374370436 ="0.4062020355 " 0.4374370436 -0.4999070599 ="0.4686720518 " 0.4999070599 -0.5623770762 ="0.5311420681 " 0.5623770762 -0.6248470925 ="0.5936120844 " 0.6248470925 -0.6873171089 ="0.6560821007 " 
0.6873171089 -0.7497871252 ="0.718552117 " 0.7497871252 -0.8122571415 ="0.7810221333 " 0.8122571415 -0.8747271578 ="0.8434921496 " 0.8747271578 -0.9371971741 ="0.9059621659 " 0.9371971741 -HIGH="0.9684321823 " ;
NOTE: Format F1_ has been output.
23520     +value F2_
23521     +LOW -0.0628028259 ="0.0315678177 "
23522     +0.0628028259 -0.1252728422 ="0.0940378341 "
23523     +0.1252728422 -0.1877428585 ="0.1565078504 "
23524     +0.1877428585 -0.2502128748 ="0.2189778667 "
23525     +0.2502128748 -0.3126828911 ="0.281447883 "
23526     +0.3126828911 -0.3751529075 ="0.3439178993 "
23527     +0.3751529075 -0.4376229238 ="0.4063879156 "
23528     +0.4376229238 -0.5000929401 ="0.4688579319 "
23529     +0.5000929401 -0.5625629564 ="0.5313279482 "
23530     +0.5625629564 -0.6250329727 ="0.5937979645 "
23531     +0.6250329727 -0.687502989 ="0.6562679809 "
23532     +0.687502989 -0.7499730053 ="0.7187379972 "
23533     +0.7499730053 -0.8124430216 ="0.7812080135 "
23534     +0.8124430216 -0.8749130379 ="0.8436780298 "
23535     +0.8749130379 -0.9373830543 ="0.9061480461 "
23536     +0.9373830543 -HIGH="0.9686180624 "
23537     +;
MPRINT(VAR_PROFILE):   value F2_ LOW -0.0628028259 ="0.0315678177 " 0.0628028259 -0.1252728422 ="0.0940378341 " 0.1252728422 -0.1877428585 ="0.1565078504 " 0.1877428585 -0.2502128748 ="0.2189778667 " 0.2502128748 -0.3126828911 ="0.281447883 " 0.3126828911 
-0.3751529075 ="0.3439178993 " 0.3751529075 -0.4376229238 ="0.4063879156 " 0.4376229238 -0.5000929401 ="0.4688579319 " 0.5000929401 -0.5625629564 ="0.5313279482 " 0.5625629564 -0.6250329727 ="0.5937979645 " 0.6250329727 -0.687502989 ="0.6562679809 " 
0.687502989 -0.7499730053 ="0.7187379972 " 0.7499730053 -0.8124430216 ="0.7812080135 " 0.8124430216 -0.8749130379 ="0.8436780298 " 0.8749130379 -0.9373830543 ="0.9061480461 " 0.9373830543 -HIGH="0.9686180624 " ;
NOTE: Format F2_ has been output.
MPRINT(VAR_PROFILE):   run;
23538     +run;

NOTE: PROCEDURE FORMAT used (Total process time):
      real time           0.00 seconds
      cpu time            0.00 seconds
      

NOTE: %INCLUDE (level 1) ending.
MPRINT(VAR_PROFILE):   filename fref;
NOTE: Fileref FREF has been deassigned.
MPRINT(VAR_PROFILE):   data _binneddata / view=_binneddata;
MPRINT(VAR_PROFILE):   set EMWS1.MdlComp_TRAIN(obs=1000000);
MPRINT(VAR_PROFILE):   format P_WidgBuyNo F1_. P_WidgBuyYes F2_. ;
MPRINT(VAR_PROFILE):   run;

NOTE: DATA STEP view saved on file WORK._BINNEDDATA.
NOTE: A stored DATA STEP view cannot run under a different operating system.
NOTE: View EMWS1.MDLCOMP_TRAIN.VIEW used (Total process time):
      real time           0.20 seconds
      cpu time            0.20 seconds
      
NOTE: DATA statement used (Total process time):
      real time           0.23 seconds
      cpu time            0.23 seconds
      

MPRINT(VAR_PROFILE):   proc dmdb data=_binneddata(obs=1000000) classout=_temptab(rename=(NAME=VARIABLE FREQUENCY=COUNT FREQPERCENT=PERCENT));
MPRINT(VAR_PROFILE):   class
MPRINT(_VARS):   P_WidgBuyYes P_WidgBuyNo
MPRINT(VAR_PROFILE):   ;
MPRINT(VAR_PROFILE):   run;

NOTE: Records processed = 20   Memory used = 511K.
NOTE: There were 20 observations read from the data set EMWS1.FIMPORT_DATA.
NOTE: There were 20 observations read from the data set EMWS1.FIMPORT_TRAIN.
NOTE: There were 20 observations read from the data set EMWS1.NEURAL_TRAIN.
NOTE: View WORK._BINNEDDATA.VIEW used (Total process time):
      real time           0.29 seconds
      cpu time            0.29 seconds
      
NOTE: There were 20 observations read from the data set EMWS1.MDLCOMP_TRAIN.
NOTE: There were 20 observations read from the data set WORK._BINNEDDATA.
NOTE: The data set WORK._TEMPTAB has 4 observations and 9 variables.
NOTE: PROCEDURE DMDB used (Total process time):
      real time           0.32 seconds
      cpu time            0.32 seconds
      

MPRINT(VAR_PROFILE):   data work.Score_VARHIST;
MPRINT(VAR_PROFILE):   label VALUE = "Value";
MPRINT(VAR_PROFILE):   label VARIABLE = "Variable";
MPRINT(VAR_PROFILE):   label COUNT = "Frequency Count";
MPRINT(VAR_PROFILE):   label PERCENT = "Percent";
MPRINT(VAR_PROFILE):   set _temptab;
MPRINT(VAR_PROFILE):   format VALUE 12.3 count;
MPRINT(VAR_PROFILE):   value = inputn(level, 'best12.');
MPRINT(VAR_PROFILE):   keep VARIABLE COUNT PERCENT VALUE;
MPRINT(VAR_PROFILE):   run;

NOTE: There were 4 observations read from the data set WORK._TEMPTAB.
NOTE: The data set WORK.SCORE_VARHIST has 4 observations and 4 variables.
NOTE: DATA statement used (Total process time):
      real time           0.04 seconds
      cpu time            0.04 seconds
      

MPRINT(VAR_PROFILE):   proc datasets lib=work nolist mt=(DATA VIEW);
MPRINT(VAR_PROFILE):   delete _TEMPTAB _BINNEDDATA _MINMAXDATA;
MPRINT(VAR_PROFILE):   run;

NOTE: The file WORK._MINMAXDATA (memtype=(DATA VIEW)) was not found, but appears on a DELETE statement.
NOTE: Deleting WORK._TEMPTAB (memtype=DATA).
NOTE: Deleting WORK._BINNEDDATA (memtype=VIEW).
MPRINT(VAR_PROFILE):   quit;

NOTE: PROCEDURE DATASETS used (Total process time):
      real time           0.03 seconds
      cpu time            0.01 seconds
      

MPRINT(EM_DIAGRAM):  ;

23539      data work.Score_VARHIST;
MPRINT(EM_DIAGRAM):    data work.Score_VARHIST;
23540      length DATAROLE $8 TYPE $14;
MPRINT(EM_DIAGRAM):   length DATAROLE $8 TYPE $14;
23541      retain DATAROLE "TRAIN" TYPE "";
MPRINT(EM_DIAGRAM):   retain DATAROLE "TRAIN" TYPE "";
23542      set work.Score_VARHIST(rename=(VALUE=X));
MPRINT(EM_DIAGRAM):   set work.Score_VARHIST(rename=(VALUE=X));
23543      run;
MPRINT(EM_DIAGRAM):   run;

NOTE: There were 4 observations read from the data set WORK.SCORE_VARHIST.
NOTE: The data set WORK.SCORE_VARHIST has 4 observations and 6 variables.
NOTE: DATA statement used (Total process time):
      real time           0.01 seconds
      cpu time            0.01 seconds
      

23544      proc append base=work.Score_HIST data=work.Score_VARHIST;
MPRINT(EM_DIAGRAM):   proc append base=work.Score_HIST data=work.Score_VARHIST;
23545      run;
MPRINT(EM_DIAGRAM):   run;

NOTE: Appending WORK.SCORE_VARHIST to WORK.SCORE_HIST.
NOTE: BASE data set does not exist. DATA file is being copied to BASE file.
NOTE: There were 4 observations read from the data set WORK.SCORE_VARHIST.
NOTE: The data set WORK.SCORE_HIST has 4 observations and 6 variables.
NOTE: PROCEDURE APPEND used (Total process time):
      real time           0.01 seconds
      cpu time            0.01 seconds
      

23546      proc transpose data=work.Score_SUMDATA out=work.Score_SUMDATA( rename=(_NAME_=VARIABLE _LABEL_=LABEL LOCATION=MEAN SCALE=STD P0=MIN P50=MEDIAN P100=MAX));
MPRINT(EM_DIAGRAM):    proc transpose data=work.Score_SUMDATA out=work.Score_SUMDATA( rename=(_NAME_=VARIABLE _LABEL_=LABEL LOCATION=MEAN SCALE=STD P0=MIN P50=MEDIAN P100=MAX));
23547      where _TYPE_ in('LOCATION' 'SCALE' 'N' 'P0' 'P25' 'P50' 'P75' 'P100');
MPRINT(EM_DIAGRAM):   where _TYPE_ in('LOCATION' 'SCALE' 'N' 'P0' 'P25' 'P50' 'P75' 'P100');
23548      id _type_;
MPRINT(EM_DIAGRAM):   id _type_;
23549      run;
MPRINT(EM_DIAGRAM):   run;

NOTE: There were 8 observations read from the data set WORK.SCORE_SUMDATA.
      WHERE _TYPE_ in ('LOCATION', 'N', 'P0', 'P100', 'P25', 'P50', 'P75', 'SCALE');
NOTE: The data set WORK.SCORE_SUMDATA has 2 observations and 10 variables.
NOTE: PROCEDURE TRANSPOSE used (Total process time):
      real time           0.01 seconds
      cpu time            0.01 seconds
      

23550      data work.Score_SUMDATA;
MPRINT(EM_DIAGRAM):   data work.Score_SUMDATA;
23551      length DATAROLE $8 TYPE $14;
MPRINT(EM_DIAGRAM):   length DATAROLE $8 TYPE $14;
23552      retain DATAROLE "TRAIN" Type "";
MPRINT(EM_DIAGRAM):   retain DATAROLE "TRAIN" Type "";
23553      set work.Score_SUMDATA;
MPRINT(EM_DIAGRAM):   set work.Score_SUMDATA;
23554      run;
MPRINT(EM_DIAGRAM):   run;

NOTE: There were 2 observations read from the data set WORK.SCORE_SUMDATA.
NOTE: The data set WORK.SCORE_SUMDATA has 2 observations and 12 variables.
NOTE: DATA statement used (Total process time):
      real time           0.01 seconds
      cpu time            0.01 seconds
      

23555      proc append base=WORK.ScoreSTAT data=work.Score_SUMDATA;
MPRINT(EM_DIAGRAM):   proc append base=WORK.ScoreSTAT data=work.Score_SUMDATA;
23556      run;
MPRINT(EM_DIAGRAM):   run;

NOTE: Appending WORK.SCORE_SUMDATA to WORK.SCORESTAT.
NOTE: BASE data set does not exist. DATA file is being copied to BASE file.
NOTE: There were 2 observations read from the data set WORK.SCORE_SUMDATA.
NOTE: The data set WORK.SCORESTAT has 2 observations and 12 variables.
NOTE: PROCEDURE APPEND used (Total process time):
      real time           0.01 seconds
      cpu time            0.01 seconds
      

23557      data EMWS1.Score_BAR(DROP=ROLE rename = (_VARIABLE_=VARIABLE _XLABEL_=X));
MPRINT(EM_DIAGRAM):    data EMWS1.Score_BAR(DROP=ROLE rename = (_VARIABLE_=VARIABLE _XLABEL_=X));
23558      set EMWS1.Score_BAR;
MPRINT(EM_DIAGRAM):   set EMWS1.Score_BAR;
23559      label VARIABLE= "%sysfunc(sasmsg(sashelp.dmine, meta_name_vlabel,  NOQUOTE))" DATAROLE= "%sysfunc(sasmsg(sashelp.dmine, rpt_datarole_vlabel,  NOQUOTE))" TYPE = "%sysfunc(sasmsg(sashelp.dmine, rpt_outputType_vlabel,  NOQUOTE))";
MPRINT(EM_DIAGRAM):   label VARIABLE= "Variable Name" DATAROLE= "Data Role" TYPE = "Output Type";
23560      select(_VARIABLE_);
MPRINT(EM_DIAGRAM):   select(_VARIABLE_);
23561      when("I_WidgBuy") TYPE = 'CLASSIFICATION';
MPRINT(EM_DIAGRAM):   when("I_WidgBuy") TYPE = 'CLASSIFICATION';
23562      when("b_WidgBuy") TYPE = 'SEGMENT';
MPRINT(EM_DIAGRAM):   when("b_WidgBuy") TYPE = 'SEGMENT';
23563      otherwise;
MPRINT(EM_DIAGRAM):   otherwise;
23564      end;
MPRINT(EM_DIAGRAM):   end;
23565      run;
MPRINT(EM_DIAGRAM):   run;

NOTE: Variable VARIABLE is uninitialized.
NOTE: There were 19 observations read from the data set EMWS1.SCORE_BAR.
NOTE: The data set EMWS1.SCORE_BAR has 19 observations and 7 variables.
NOTE: DATA statement used (Total process time):
      real time           0.03 seconds
      cpu time            0.03 seconds
      

23566      proc sort data = EMWS1.Score_BAR NOTHREADS;
MPRINT(EM_DIAGRAM):   proc sort data = EMWS1.Score_BAR NOTHREADS;
23567      by DATAROLE TYPE;
MPRINT(EM_DIAGRAM):   by DATAROLE TYPE;
23568      run;
MPRINT(EM_DIAGRAM):   run;

NOTE: There were 19 observations read from the data set EMWS1.SCORE_BAR.
NOTE: The data set EMWS1.SCORE_BAR has 19 observations and 7 variables.
NOTE: PROCEDURE SORT used (Total process time):
      real time           0.03 seconds
      cpu time            0.03 seconds
      

23569      %let _cn = %sysfunc(getoption(CENTER));
23570      %let _nb = %sysfunc(getoption(NUMBER));
23571      options nonumber nocenter;
MPRINT(EM_DIAGRAM):   options nonumber nocenter;
23572      title;
MPRINT(EM_DIAGRAM):   title;
23573      proc print data = EMWS1.Score_BAR noobs label;
MPRINT(EM_DIAGRAM):   proc print data = EMWS1.Score_BAR noobs label;
23574      by DATAROLE TYPE;
MPRINT(EM_DIAGRAM):   by DATAROLE TYPE;
23575      title9 ' ';
MPRINT(EM_DIAGRAM):   title9 ' ';
23576      title10 "%sysfunc(sasmsg(sashelp.dmine, rpt_classStats_title, NOQUOTE))";
MPRINT(EM_DIAGRAM):   title10 "Class Variable Summary Statistics";
MPRINT(EM_DIAGRAM):   run;
23577      run;

NOTE: There were 19 observations read from the data set EMWS1.SCORE_BAR.
NOTE: The PROCEDURE PRINT printed page 4.
NOTE: PROCEDURE PRINT used (Total process time):
      real time           0.01 seconds
      cpu time            0.01 seconds
      

23578      title10;
MPRINT(EM_DIAGRAM):   title10;
23579      options &_cn &_nb;
MPRINT(EM_DIAGRAM):   options NOCENTER NONUMBER;
23580      data EMWS1.Score_HIST;
MPRINT(EM_DIAGRAM):    data EMWS1.Score_HIST;
23581      set work.Score_HIST(rename=(Percent=Value));
MPRINT(EM_DIAGRAM):   set work.Score_HIST(rename=(Percent=Value));
23582      label VARIABLE= "%sysfunc(sasmsg(sashelp.dmine, meta_name_vlabel,      NOQUOTE))" DATAROLE= "%sysfunc(sasmsg(sashelp.dmine, rpt_datarole_vlabel,   NOQUOTE))" TYPE = "%sysfunc(sasmsg(sashelp.dmine, rpt_outputType_vlabel, NOQUOTE))" X =
23583         "%sysfunc(sasmsg(sashelp.dmine, rpt_numValue_vlabel,   NOQUOTE))" COUNT = "%sysfunc(sasmsg(sashelp.dmine, rpt_count_vlabel,      NOQUOTE))" Value = "%sysfunc(sasmsg(sashelp.dmine, rpt_percent_vlabel,    NOQUOTE))";
MPRINT(EM_DIAGRAM):   label VARIABLE= "Variable Name" DATAROLE= "Data Role" TYPE = "Output Type" X = "Numeric Value" COUNT = "Frequency Count" Value = "Percent";
23584      select(VARIABLE);
MPRINT(EM_DIAGRAM):   select(VARIABLE);
23585      when("P_WidgBuyYes") TYPE = 'PROBABILITY';
MPRINT(EM_DIAGRAM):   when("P_WidgBuyYes") TYPE = 'PROBABILITY';
23586      when("P_WidgBuyNo") TYPE = 'PROBABILITY';
MPRINT(EM_DIAGRAM):   when("P_WidgBuyNo") TYPE = 'PROBABILITY';
23587      when("b_WidgBuy") TYPE= 'SEGMENT';
MPRINT(EM_DIAGRAM):   when("b_WidgBuy") TYPE= 'SEGMENT';
23588      otherwise;
MPRINT(EM_DIAGRAM):   otherwise;
23589      end;
MPRINT(EM_DIAGRAM):   end;
23590      run;
MPRINT(EM_DIAGRAM):   run;

NOTE: There were 4 observations read from the data set WORK.SCORE_HIST.
NOTE: The data set EMWS1.SCORE_HIST has 4 observations and 6 variables.
NOTE: DATA statement used (Total process time):
      real time           0.06 seconds
      cpu time            0.04 seconds
      

23591      data WORK.ScoreSTAT;
MPRINT(EM_DIAGRAM):    data WORK.ScoreSTAT;
23592      set WORK.ScoreSTAT;
MPRINT(EM_DIAGRAM):   set WORK.ScoreSTAT;
23593      label VARIABLE= "%sysfunc(sasmsg(sashelp.dmine, meta_name_vlabel,  NOQUOTE))" LABEL = "%sysfunc(sasmsg(sashelp.dmine, meta_label_vlabel,  NOQUOTE))" MEAN = "%sysfunc(sasmsg(sashelp.dmine, rpt_mean_vlabel,  NOQUOTE))" N =
23594         "%sysfunc(sasmsg(sashelp.dmine, rpt_nonmiss_vlabel,  NOQUOTE))" STD = "%sysfunc(sasmsg(sashelp.dmine, rpt_std_vlabel,  NOQUOTE))" MIN = "%sysfunc(sasmsg(sashelp.dmine, rpt_minimum_vlabel,  NOQUOTE))" MAX =
23595         "%sysfunc(sasmsg(sashelp.dmine, rpt_maximum_vlabel,  NOQUOTE))" MEDIAN = "%sysfunc(sasmsg(sashelp.dmine, rpt_median_vlabel,  NOQUOTE))" P25 = "%sysfunc(sasmsg(sashelp.dmine, rpt_p25_vlabel,  NOQUOTE))" P75 =
23596         "%sysfunc(sasmsg(sashelp.dmine, rpt_p75_vlabel,  NOQUOTE))";
MPRINT(EM_DIAGRAM):   label VARIABLE= "Variable Name" LABEL = "Label" MEAN = "Mean" N = "Non Missing" STD = "Standard Deviation" MIN = "Minimum" MAX = "Maximum" MEDIAN = "Median" P25 = "25th Percentile" P75 = "75th Percentile";
23597      select(VARIABLE);
MPRINT(EM_DIAGRAM):   select(VARIABLE);
23598      when("P_WidgBuyYes") TYPE = 'PROBABILITY';
MPRINT(EM_DIAGRAM):   when("P_WidgBuyYes") TYPE = 'PROBABILITY';
23599      when("P_WidgBuyNo") TYPE = 'PROBABILITY';
MPRINT(EM_DIAGRAM):   when("P_WidgBuyNo") TYPE = 'PROBABILITY';
23600      when("b_WidgBuy") TYPE= 'SEGMENT';
MPRINT(EM_DIAGRAM):   when("b_WidgBuy") TYPE= 'SEGMENT';
23601      otherwise;
MPRINT(EM_DIAGRAM):   otherwise;
23602      end;
MPRINT(EM_DIAGRAM):   end;
23603      run;
MPRINT(EM_DIAGRAM):   run;

NOTE: There were 2 observations read from the data set WORK.SCORESTAT.
NOTE: The data set WORK.SCORESTAT has 2 observations and 12 variables.
NOTE: DATA statement used (Total process time):
      real time           0.07 seconds
      cpu time            0.07 seconds
      

23604      proc sort data = WORK.ScoreSTAT NOTHREADS;
MPRINT(EM_DIAGRAM):   proc sort data = WORK.ScoreSTAT NOTHREADS;
23605      by VARIABLE;
MPRINT(EM_DIAGRAM):   by VARIABLE;
23606      run;
MPRINT(EM_DIAGRAM):   run;

NOTE: There were 2 observations read from the data set WORK.SCORESTAT.
NOTE: The data set WORK.SCORESTAT has 2 observations and 12 variables.
NOTE: PROCEDURE SORT used (Total process time):
      real time           0.00 seconds
      cpu time            0.00 seconds
      

23607      proc transpose data = WORK.ScoreSTAT out=WORK.ScoreSTAT(rename=(_NAME_=STATISTICS _LABEL_=LABEL));
MPRINT(EM_DIAGRAM):   proc transpose data = WORK.ScoreSTAT out=WORK.ScoreSTAT(rename=(_NAME_=STATISTICS _LABEL_=LABEL));
23608      by VARIABLE;
MPRINT(EM_DIAGRAM):   by VARIABLE;
23609      id DATAROLE;
MPRINT(EM_DIAGRAM):   id DATAROLE;
23610      run;
MPRINT(EM_DIAGRAM):   run;

NOTE: There were 2 observations read from the data set WORK.SCORESTAT.
NOTE: The data set WORK.SCORESTAT has 16 observations and 4 variables.
NOTE: PROCEDURE TRANSPOSE used (Total process time):
      real time           0.01 seconds
      cpu time            0.01 seconds
      

23611      proc datasets library=WORK nolist;
MPRINT(EM_DIAGRAM):   proc datasets library=WORK nolist;
23612      modify ScoreSTAT;
MPRINT(EM_DIAGRAM):   modify ScoreSTAT;
23613      label STATISTICS = "%sysfunc(sasmsg(sashelp.dmine, rpt_statistics_vlabel,  NOQUOTE))" VARIABLE= "%sysfunc(sasmsg(sashelp.dmine, meta_name_vlabel,  NOQUOTE))" LABEL = "%sysfunc(sasmsg(sashelp.dmine, meta_label_vlabel,  NOQUOTE))" TYPE =
MPRINT(EM_DIAGRAM):   label STATISTICS = "Statistics" VARIABLE= "Variable Name" LABEL = "Label" TYPE = "Output Type";
WARNING: Variable TYPE not found in data set WORK.SCORESTAT.
23614         "%sysfunc(sasmsg(sashelp.dmine, rpt_outputType_vlabel,  NOQUOTE))";
MPRINT(EM_DIAGRAM):   run;
23615      run;

NOTE: MODIFY was successful for WORK.SCORESTAT.DATA.
23616      %let _cn = %sysfunc(getoption(CENTER));
23617      %let _nb = %sysfunc(getoption(NUMBER));
23618      options nonumber nocenter;
MPRINT(EM_DIAGRAM):   options nonumber nocenter;
23619      title;
MPRINT(EM_DIAGRAM):   title;

NOTE: PROCEDURE DATASETS used (Total process time):
      real time           0.09 seconds
      cpu time            0.06 seconds
      

23620      proc print data = WORK.ScoreSTAT label noobs;
MPRINT(EM_DIAGRAM):   proc print data = WORK.ScoreSTAT label noobs;
23621      by VARIABLE;
MPRINT(EM_DIAGRAM):   by VARIABLE;
23622      title9 ' ';
MPRINT(EM_DIAGRAM):   title9 ' ';
23623      title10 "%sysfunc(sasmsg(sashelp.dmine, rpt_intervalStats_title, NOQUOTE))";
MPRINT(EM_DIAGRAM):   title10 "Interval Variable Summary Statistics";
MPRINT(EM_DIAGRAM):   run;
23624      run;

NOTE: There were 16 observations read from the data set WORK.SCORESTAT.
NOTE: The PROCEDURE PRINT printed page 5.
NOTE: PROCEDURE PRINT used (Total process time):
      real time           0.01 seconds
      cpu time            0.01 seconds
      

23625      title10;
MPRINT(EM_DIAGRAM):   title10;
23626      options &_cn &_nb;
MPRINT(EM_DIAGRAM):   options NOCENTER NONUMBER;
MPRINT(EM_DIAGRAM):    proc printto;
MPRINT(EM_DIAGRAM):   run;
