MPRINT(EM_DIAGRAM):    data _null_;
MPRINT(EM_DIAGRAM):   call symput('NLDATE', strip(put(date(), NLDATE.)));
MPRINT(EM_DIAGRAM):   call symput('NLTIME', strip(put(datetime(), NLTIME.)));
MPRINT(EM_DIAGRAM):   run;
MPRINT(EM_DIAGRAM):   data _null_;
MPRINT(EM_DIAGRAM):   nldate= sasmsg("sashelp.dmine", "log_date_note", 'N', "October 27, 2015" 
);
MPRINT(EM_DIAGRAM):   nltime= sasmsg("sashelp.dmine", "log_time_note", 'N', "13:20:09" );
MPRINT(EM_DIAGRAM):   put "*------------------------------------------------------------*";
MPRINT(EM_DIAGRAM):   put "* Score Log";
MPRINT(EM_DIAGRAM):   put nldate;
MPRINT(EM_DIAGRAM):   put nltime;
MPRINT(EM_DIAGRAM):   put "*------------------------------------------------------------*";
MPRINT(EM_DIAGRAM):   run;
*------------------------------------------------------------*
* Score Log
Date:                October 27, 2015
Time:                13:20:09
*------------------------------------------------------------*
MPRINT(EM_DIAGRAM):    filename O29BND58 
"C:\Users\bteric01\Documents\Tutorials_Projects\Project_2\Workspaces\EMWS1\Neural\EMSCORE.out" 
encoding="UTF-8" NOBOM;
MPRINT(EM_DIAGRAM):   proc printto print=O29BND58 new;
MPRINT(EM_DIAGRAM):   run;
32350      data work.outkey;
MPRINT(EM_DIAGRAM):    data work.outkey;
32351      set EMWS1.Neural_OUTKEY;
MPRINT(EM_DIAGRAM):   set EMWS1.Neural_OUTKEY;
32352      if upcase(ROLE) = 'HIDDEN';
MPRINT(EM_DIAGRAM):   if upcase(ROLE) = 'HIDDEN';
32353      run;
MPRINT(EM_DIAGRAM):   run;

NOTE: There were 20 observations read from the data set EMWS1.NEURAL_OUTKEY.
NOTE: The data set WORK.OUTKEY has 1 observations and 8 variables.
NOTE: DATA statement used (Total process time):
      real time           0.00 seconds
      cpu time            0.00 seconds
      

32354      filename emflow
32354    ! "C:\Users\bteric01\Documents\Tutorials_Projects\Project_2\Workspaces\EMWS1\Neural\EM
32354    ! FLOWSCORE.sas";
MPRINT(EM_DIAGRAM):    filename emflow 
"C:\Users\bteric01\Documents\Tutorials_Projects\Project_2\Workspaces\EMWS1\Neural\EMFLOWSCORE.s
as";
MPRINT(EM_DIAGRAM):   *------------------------------------------------------------*;
MPRINT(EM_DIAGRAM):   * Neural: Scoring DATA data;
MPRINT(EM_DIAGRAM):   *------------------------------------------------------------*;
32355      *------------------------------------------------------------*;
32356      * Neural: Scoring DATA data;
32357      *------------------------------------------------------------*;
32358      data EMWS1.Neural_TRAIN
32359      / view=EMWS1.Neural_TRAIN
32360      ;
MPRINT(EM_DIAGRAM):   data EMWS1.Neural_TRAIN / view=EMWS1.Neural_TRAIN ;
32361      set EMWS1.FIMPORT_train
32362      ;
MPRINT(EM_DIAGRAM):   set EMWS1.FIMPORT_train ;
32363      %inc emflow;
NOTE: %INCLUDE (level 1) file EMFLOW is file 
      C:\Users\bteric01\Documents\Tutorials_Projects\Project_2\Workspaces\EMWS1\Neural\EMFLOWSC
      ORE.sas.
32364     +***********************************;
MPRINT(EM_DIAGRAM):   ***********************************;
32365     +*** Begin Scoring Code for Neural;
MPRINT(EM_DIAGRAM):   *** Begin Scoring Code for Neural;
32366     +***********************************;
MPRINT(EM_DIAGRAM):   ***********************************;
32367     +DROP _DM_BAD _EPS _NOCL_ _MAX_ _MAXP_ _SUM_ _NTRIALS;
MPRINT(EM_DIAGRAM):   DROP _DM_BAD _EPS _NOCL_ _MAX_ _MAXP_ _SUM_ _NTRIALS;
32368     + _DM_BAD = 0;
MPRINT(EM_DIAGRAM):   _DM_BAD = 0;
32369     + _NOCL_ = .;
MPRINT(EM_DIAGRAM):   _NOCL_ = .;
32370     + _MAX_ = .;
MPRINT(EM_DIAGRAM):   _MAX_ = .;
32371     + _MAXP_ = .;
MPRINT(EM_DIAGRAM):   _MAXP_ = .;
32372     + _SUM_ = .;
MPRINT(EM_DIAGRAM):   _SUM_ = .;
32373     + _NTRIALS = .;
MPRINT(EM_DIAGRAM):   _NTRIALS = .;
32374     + _EPS =                1E-10;
MPRINT(EM_DIAGRAM):   _EPS = 1E-10;
32375     +LENGTH _WARN_ $4
32376     +      F_WidgBuy  $ 3
32377     +      I_WidgBuy  $ 3
32378     +      U_WidgBuy  $ 3
32379     +;
MPRINT(EM_DIAGRAM):   LENGTH _WARN_ $4 F_WidgBuy $ 3 I_WidgBuy $ 3 U_WidgBuy $ 3 ;
32380     +      label S_Age = 'Standard: Age' ;
MPRINT(EM_DIAGRAM):   label S_Age = 'Standard: Age' ;
32381     +
32382     +      label S_X2 = 'Standard: X2' ;
MPRINT(EM_DIAGRAM):   label S_X2 = 'Standard: X2' ;
32383     +
32384     +      label S_X4 = 'Standard: X4' ;
MPRINT(EM_DIAGRAM):   label S_X4 = 'Standard: X4' ;
32385     +
32386     +      label S_X5 = 'Standard: X5' ;
MPRINT(EM_DIAGRAM):   label S_X5 = 'Standard: X5' ;
32387     +
32388     +      label Incomehigh = 'Dummy: Income=high' ;
MPRINT(EM_DIAGRAM):   label Incomehigh = 'Dummy: Income=high' ;
32389     +
32390     +      label ResidenceCHI = 'Dummy: Residence=CHI' ;
MPRINT(EM_DIAGRAM):   label ResidenceCHI = 'Dummy: Residence=CHI' ;
32391     +
32392     +      label ResidenceLA = 'Dummy: Residence=LA' ;
MPRINT(EM_DIAGRAM):   label ResidenceLA = 'Dummy: Residence=LA' ;
32393     +
32394     +      label H11 = 'Hidden: H1=1' ;
MPRINT(EM_DIAGRAM):   label H11 = 'Hidden: H1=1' ;
32395     +
32396     +      label I_WidgBuy = 'Into: WidgBuy' ;
MPRINT(EM_DIAGRAM):   label I_WidgBuy = 'Into: WidgBuy' ;
32397     +
32398     +      label F_WidgBuy = 'From: WidgBuy' ;
MPRINT(EM_DIAGRAM):   label F_WidgBuy = 'From: WidgBuy' ;
32399     +
32400     +      label U_WidgBuy = 'Unnormalized Into: WidgBuy' ;
MPRINT(EM_DIAGRAM):   label U_WidgBuy = 'Unnormalized Into: WidgBuy' ;
32401     +
32402     +      label P_WidgBuyYes = 'Predicted: WidgBuy=Yes' ;
MPRINT(EM_DIAGRAM):   label P_WidgBuyYes = 'Predicted: WidgBuy=Yes' ;
32403     +
32404     +      label R_WidgBuyYes = 'Residual: WidgBuy=Yes' ;
MPRINT(EM_DIAGRAM):   label R_WidgBuyYes = 'Residual: WidgBuy=Yes' ;
32405     +
32406     +      label P_WidgBuyNo = 'Predicted: WidgBuy=No' ;
MPRINT(EM_DIAGRAM):   label P_WidgBuyNo = 'Predicted: WidgBuy=No' ;
32407     +
32408     +      label R_WidgBuyNo = 'Residual: WidgBuy=No' ;
MPRINT(EM_DIAGRAM):   label R_WidgBuyNo = 'Residual: WidgBuy=No' ;
32409     +
32410     +      label  _WARN_ = "Warnings";
MPRINT(EM_DIAGRAM):   label _WARN_ = "Warnings";
32411     +
32412     +*** Generate dummy variables for Income ;
MPRINT(EM_DIAGRAM):   *** Generate dummy variables for Income ;
32413     +drop Incomehigh ;
MPRINT(EM_DIAGRAM):   drop Incomehigh ;
32414     +if missing( Income ) then do;
MPRINT(EM_DIAGRAM):   if missing( Income ) then do;
32415     +   Incomehigh = .;
MPRINT(EM_DIAGRAM):   Incomehigh = .;
32416     +   substr(_warn_,1,1) = 'M';
MPRINT(EM_DIAGRAM):   substr(_warn_,1,1) = 'M';
32417     +   _DM_BAD = 1;
MPRINT(EM_DIAGRAM):   _DM_BAD = 1;
32418     +end;
MPRINT(EM_DIAGRAM):   end;
32419     +else do;
MPRINT(EM_DIAGRAM):   else do;
32420     +   length _dm4 $ 4; drop _dm4 ;
MPRINT(EM_DIAGRAM):   length _dm4 $ 4;
MPRINT(EM_DIAGRAM):   drop _dm4 ;
32421     +   _dm4 = put( Income , $4. );
MPRINT(EM_DIAGRAM):   _dm4 = put( Income , $4. );
32422     +   %DMNORMIP( _dm4 )
MPRINT(DMNORMIP):   call dmnorm(_dm4,
MPRINT(DMNORLEN):  32
MPRINT(DMNORMIP):  );
32423     +   if _dm4 = 'HIGH'  then do;
MPRINT(EM_DIAGRAM):   if _dm4 = 'HIGH' then do;
32424     +      Incomehigh = 1;
MPRINT(EM_DIAGRAM):   Incomehigh = 1;
32425     +   end;
MPRINT(EM_DIAGRAM):   end;
32426     +   else if _dm4 = 'LOW'  then do;
MPRINT(EM_DIAGRAM):   else if _dm4 = 'LOW' then do;
32427     +      Incomehigh = -1;
MPRINT(EM_DIAGRAM):   Incomehigh = -1;
32428     +   end;
MPRINT(EM_DIAGRAM):   end;
32429     +   else do;
MPRINT(EM_DIAGRAM):   else do;
32430     +      Incomehigh = .;
MPRINT(EM_DIAGRAM):   Incomehigh = .;
32431     +      substr(_warn_,2,1) = 'U';
MPRINT(EM_DIAGRAM):   substr(_warn_,2,1) = 'U';
32432     +      _DM_BAD = 1;
MPRINT(EM_DIAGRAM):   _DM_BAD = 1;
32433     +   end;
MPRINT(EM_DIAGRAM):   end;
32434     +end;
MPRINT(EM_DIAGRAM):   end;
32435     +
32436     +*** Generate dummy variables for Residence ;
MPRINT(EM_DIAGRAM):   *** Generate dummy variables for Residence ;
32437     +drop ResidenceCHI ResidenceLA ;
MPRINT(EM_DIAGRAM):   drop ResidenceCHI ResidenceLA ;
32438     +if missing( Residence ) then do;
MPRINT(EM_DIAGRAM):   if missing( Residence ) then do;
32439     +   ResidenceCHI = .;
MPRINT(EM_DIAGRAM):   ResidenceCHI = .;
32440     +   ResidenceLA = .;
MPRINT(EM_DIAGRAM):   ResidenceLA = .;
32441     +   substr(_warn_,1,1) = 'M';
MPRINT(EM_DIAGRAM):   substr(_warn_,1,1) = 'M';
32442     +   _DM_BAD = 1;
MPRINT(EM_DIAGRAM):   _DM_BAD = 1;
32443     +end;
MPRINT(EM_DIAGRAM):   end;
32444     +else do;
MPRINT(EM_DIAGRAM):   else do;
32445     +   length _dm3 $ 3; drop _dm3 ;
MPRINT(EM_DIAGRAM):   length _dm3 $ 3;
MPRINT(EM_DIAGRAM):   drop _dm3 ;
32446     +   _dm3 = put( Residence , $3. );
MPRINT(EM_DIAGRAM):   _dm3 = put( Residence , $3. );
32447     +   %DMNORMIP( _dm3 )
MPRINT(DMNORMIP):   call dmnorm(_dm3,
MPRINT(DMNORLEN):  32
MPRINT(DMNORMIP):  );
32448     +   if _dm3 = 'NY'  then do;
MPRINT(EM_DIAGRAM):   if _dm3 = 'NY' then do;
32449     +      ResidenceCHI = -1;
MPRINT(EM_DIAGRAM):   ResidenceCHI = -1;
32450     +      ResidenceLA = -1;
MPRINT(EM_DIAGRAM):   ResidenceLA = -1;
32451     +   end;
MPRINT(EM_DIAGRAM):   end;
32452     +   else if _dm3 = 'LA'  then do;
MPRINT(EM_DIAGRAM):   else if _dm3 = 'LA' then do;
32453     +      ResidenceCHI = 0;
MPRINT(EM_DIAGRAM):   ResidenceCHI = 0;
32454     +      ResidenceLA = 1;
MPRINT(EM_DIAGRAM):   ResidenceLA = 1;
32455     +   end;
MPRINT(EM_DIAGRAM):   end;
32456     +   else if _dm3 = 'CHI'  then do;
MPRINT(EM_DIAGRAM):   else if _dm3 = 'CHI' then do;
32457     +      ResidenceCHI = 1;
MPRINT(EM_DIAGRAM):   ResidenceCHI = 1;
32458     +      ResidenceLA = 0;
MPRINT(EM_DIAGRAM):   ResidenceLA = 0;
32459     +   end;
MPRINT(EM_DIAGRAM):   end;
32460     +   else do;
MPRINT(EM_DIAGRAM):   else do;
32461     +      ResidenceCHI = .;
MPRINT(EM_DIAGRAM):   ResidenceCHI = .;
32462     +      ResidenceLA = .;
MPRINT(EM_DIAGRAM):   ResidenceLA = .;
32463     +      substr(_warn_,2,1) = 'U';
MPRINT(EM_DIAGRAM):   substr(_warn_,2,1) = 'U';
32464     +      _DM_BAD = 1;
MPRINT(EM_DIAGRAM):   _DM_BAD = 1;
32465     +   end;
MPRINT(EM_DIAGRAM):   end;
32466     +end;
MPRINT(EM_DIAGRAM):   end;
32467     +
32468     +*** *************************;
MPRINT(EM_DIAGRAM):   *** *************************;
32469     +*** Checking missing input Interval
32470     +*** *************************;
MPRINT(EM_DIAGRAM):   *** Checking missing input Interval *** *************************;
32471     +
32472     +IF NMISS(
32473     +   Age ,
32474     +   X2 ,
32475     +   X4 ,
32476     +   X5   ) THEN DO;
MPRINT(EM_DIAGRAM):   IF NMISS( Age , X2 , X4 , X5 ) THEN DO;
32477     +   SUBSTR(_WARN_, 1, 1) = 'M';
MPRINT(EM_DIAGRAM):   SUBSTR(_WARN_, 1, 1) = 'M';
32478     +
32479     +   _DM_BAD = 1;
MPRINT(EM_DIAGRAM):   _DM_BAD = 1;
32480     +END;
MPRINT(EM_DIAGRAM):   END;
32481     +*** *************************;
MPRINT(EM_DIAGRAM):   *** *************************;
32482     +*** Writing the Node intvl ;
MPRINT(EM_DIAGRAM):   *** Writing the Node intvl ;
32483     +*** *************************;
MPRINT(EM_DIAGRAM):   *** *************************;
32484     +IF _DM_BAD EQ 0 THEN DO;
MPRINT(EM_DIAGRAM):   IF _DM_BAD EQ 0 THEN DO;
32485     +   S_Age  =    -4.88817118146551 +     0.14483470167305 * Age ;
MPRINT(EM_DIAGRAM):   S_Age = -4.88817118146551 + 0.14483470167305 * Age ;
32486     +   S_X2  =    -1.48268475831064 +     1.45361250814768 * X2 ;
MPRINT(EM_DIAGRAM):   S_X2 = -1.48268475831064 + 1.45361250814768 * X2 ;
32487     +   S_X4  =    -2.40761503764441 +     4.01269172940736 * X4 ;
MPRINT(EM_DIAGRAM):   S_X4 = -2.40761503764441 + 4.01269172940736 * X4 ;
32488     +   S_X5  =      -2.110810311196 +     0.44910857685021 * X5 ;
MPRINT(EM_DIAGRAM):   S_X5 = -2.110810311196 + 0.44910857685021 * X5 ;
32489     +END;
MPRINT(EM_DIAGRAM):   END;
32490     +ELSE DO;
MPRINT(EM_DIAGRAM):   ELSE DO;
32491     +   IF MISSING( Age ) THEN S_Age  = . ;
MPRINT(EM_DIAGRAM):   IF MISSING( Age ) THEN S_Age = . ;
32492     +   ELSE S_Age  =    -4.88817118146551 +     0.14483470167305 * Age ;
MPRINT(EM_DIAGRAM):   ELSE S_Age = -4.88817118146551 + 0.14483470167305 * Age ;
32493     +   IF MISSING( X2 ) THEN S_X2  = . ;
MPRINT(EM_DIAGRAM):   IF MISSING( X2 ) THEN S_X2 = . ;
32494     +   ELSE S_X2  =    -1.48268475831064 +     1.45361250814768 * X2 ;
MPRINT(EM_DIAGRAM):   ELSE S_X2 = -1.48268475831064 + 1.45361250814768 * X2 ;
32495     +   IF MISSING( X4 ) THEN S_X4  = . ;
MPRINT(EM_DIAGRAM):   IF MISSING( X4 ) THEN S_X4 = . ;
32496     +   ELSE S_X4  =    -2.40761503764441 +     4.01269172940736 * X4 ;
MPRINT(EM_DIAGRAM):   ELSE S_X4 = -2.40761503764441 + 4.01269172940736 * X4 ;
32497     +   IF MISSING( X5 ) THEN S_X5  = . ;
MPRINT(EM_DIAGRAM):   IF MISSING( X5 ) THEN S_X5 = . ;
32498     +   ELSE S_X5  =      -2.110810311196 +     0.44910857685021 * X5 ;
MPRINT(EM_DIAGRAM):   ELSE S_X5 = -2.110810311196 + 0.44910857685021 * X5 ;
32499     +END;
MPRINT(EM_DIAGRAM):   END;
32500     +*** *************************;
MPRINT(EM_DIAGRAM):   *** *************************;
32501     +*** Writing the Node nom ;
MPRINT(EM_DIAGRAM):   *** Writing the Node nom ;
32502     +*** *************************;
MPRINT(EM_DIAGRAM):   *** *************************;
32503     +*** *************************;
MPRINT(EM_DIAGRAM):   *** *************************;
32504     +*** Writing the Node H1 ;
MPRINT(EM_DIAGRAM):   *** Writing the Node H1 ;
32505     +*** *************************;
MPRINT(EM_DIAGRAM):   *** *************************;
32506     +IF _DM_BAD EQ 0 THEN DO;
MPRINT(EM_DIAGRAM):   IF _DM_BAD EQ 0 THEN DO;
32507     +   H11  =     1.31119830202743 * S_Age  +    -0.85473317278251 * S_X2
32508     +          +     0.39214796565715 * S_X4  +     0.61349439215446 * S_X5 ;
MPRINT(EM_DIAGRAM):   H11 = 1.31119830202743 * S_Age + -0.85473317278251 * S_X2 + 
0.39214796565715 * S_X4 + 0.61349439215446 * S_X5 ;
32509     +   H11  = H11  +     2.05589157809788 * Incomehigh  +     4.38806495936846 *
32510     +        ResidenceCHI  +    -0.26422130812874 * ResidenceLA ;
MPRINT(EM_DIAGRAM):   H11 = H11 + 2.05589157809788 * Incomehigh + 4.38806495936846 * 
ResidenceCHI + -0.26422130812874 * ResidenceLA ;
32511     +   H11  =     1.16869437616871 + H11 ;
MPRINT(EM_DIAGRAM):   H11 = 1.16869437616871 + H11 ;
32512     +   H11  = TANH(H11 );
MPRINT(EM_DIAGRAM):   H11 = TANH(H11 );
32513     +END;
MPRINT(EM_DIAGRAM):   END;
32514     +ELSE DO;
MPRINT(EM_DIAGRAM):   ELSE DO;
32515     +   H11  = .;
MPRINT(EM_DIAGRAM):   H11 = .;
32516     +END;
MPRINT(EM_DIAGRAM):   END;
32517     +*** *************************;
MPRINT(EM_DIAGRAM):   *** *************************;
32518     +*** Writing the Node WidgBuy ;
MPRINT(EM_DIAGRAM):   *** Writing the Node WidgBuy ;
32519     +*** *************************;
MPRINT(EM_DIAGRAM):   *** *************************;
32520     +
32521     +*** Generate dummy variables for WidgBuy ;
MPRINT(EM_DIAGRAM):   *** Generate dummy variables for WidgBuy ;
32522     +drop WidgBuyYes WidgBuyNo ;
MPRINT(EM_DIAGRAM):   drop WidgBuyYes WidgBuyNo ;
32523     +label F_WidgBuy = 'From: WidgBuy' ;
MPRINT(EM_DIAGRAM):   label F_WidgBuy = 'From: WidgBuy' ;
32524     +length F_WidgBuy $ 3;
MPRINT(EM_DIAGRAM):   length F_WidgBuy $ 3;
32525     +F_WidgBuy = put( WidgBuy , $3. );
MPRINT(EM_DIAGRAM):   F_WidgBuy = put( WidgBuy , $3. );
32526     +%DMNORMIP( F_WidgBuy )
MPRINT(DMNORMIP):   call dmnorm(F_WidgBuy,
MPRINT(DMNORLEN):  32
MPRINT(DMNORMIP):  );
32527     +if missing( WidgBuy ) then do;
MPRINT(EM_DIAGRAM):   if missing( WidgBuy ) then do;
32528     +   WidgBuyYes = .;
MPRINT(EM_DIAGRAM):   WidgBuyYes = .;
32529     +   WidgBuyNo = .;
MPRINT(EM_DIAGRAM):   WidgBuyNo = .;
32530     +end;
MPRINT(EM_DIAGRAM):   end;
32531     +else do;
MPRINT(EM_DIAGRAM):   else do;
32532     +   if F_WidgBuy = 'YES'  then do;
MPRINT(EM_DIAGRAM):   if F_WidgBuy = 'YES' then do;
32533     +      WidgBuyYes = 1;
MPRINT(EM_DIAGRAM):   WidgBuyYes = 1;
32534     +      WidgBuyNo = 0;
MPRINT(EM_DIAGRAM):   WidgBuyNo = 0;
32535     +   end;
MPRINT(EM_DIAGRAM):   end;
32536     +   else if F_WidgBuy = 'NO'  then do;
MPRINT(EM_DIAGRAM):   else if F_WidgBuy = 'NO' then do;
32537     +      WidgBuyYes = 0;
MPRINT(EM_DIAGRAM):   WidgBuyYes = 0;
32538     +      WidgBuyNo = 1;
MPRINT(EM_DIAGRAM):   WidgBuyNo = 1;
32539     +   end;
MPRINT(EM_DIAGRAM):   end;
32540     +   else do;
MPRINT(EM_DIAGRAM):   else do;
32541     +      WidgBuyYes = .;
MPRINT(EM_DIAGRAM):   WidgBuyYes = .;
32542     +      WidgBuyNo = .;
MPRINT(EM_DIAGRAM):   WidgBuyNo = .;
32543     +   end;
MPRINT(EM_DIAGRAM):   end;
32544     +end;
MPRINT(EM_DIAGRAM):   end;
32545     +IF _DM_BAD EQ 0 THEN DO;
MPRINT(EM_DIAGRAM):   IF _DM_BAD EQ 0 THEN DO;
32546     +   P_WidgBuyYes  =    -8.41651963206692 * H11 ;
MPRINT(EM_DIAGRAM):   P_WidgBuyYes = -8.41651963206692 * H11 ;
32547     +   P_WidgBuyYes  =     0.40891244551259 + P_WidgBuyYes ;
MPRINT(EM_DIAGRAM):   P_WidgBuyYes = 0.40891244551259 + P_WidgBuyYes ;
32548     +   P_WidgBuyNo  = 0;
MPRINT(EM_DIAGRAM):   P_WidgBuyNo = 0;
32549     +   _MAX_ = MAX (P_WidgBuyYes , P_WidgBuyNo );
MPRINT(EM_DIAGRAM):   _MAX_ = MAX (P_WidgBuyYes , P_WidgBuyNo );
32550     +   _SUM_ = 0.;
MPRINT(EM_DIAGRAM):   _SUM_ = 0.;
32551     +   P_WidgBuyYes  = EXP(P_WidgBuyYes  - _MAX_);
MPRINT(EM_DIAGRAM):   P_WidgBuyYes = EXP(P_WidgBuyYes - _MAX_);
32552     +   _SUM_ = _SUM_ + P_WidgBuyYes ;
MPRINT(EM_DIAGRAM):   _SUM_ = _SUM_ + P_WidgBuyYes ;
32553     +   P_WidgBuyNo  = EXP(P_WidgBuyNo  - _MAX_);
MPRINT(EM_DIAGRAM):   P_WidgBuyNo = EXP(P_WidgBuyNo - _MAX_);
32554     +   _SUM_ = _SUM_ + P_WidgBuyNo ;
MPRINT(EM_DIAGRAM):   _SUM_ = _SUM_ + P_WidgBuyNo ;
32555     +   P_WidgBuyYes  = P_WidgBuyYes  / _SUM_;
MPRINT(EM_DIAGRAM):   P_WidgBuyYes = P_WidgBuyYes / _SUM_;
32556     +   P_WidgBuyNo  = P_WidgBuyNo  / _SUM_;
MPRINT(EM_DIAGRAM):   P_WidgBuyNo = P_WidgBuyNo / _SUM_;
32557     +END;
MPRINT(EM_DIAGRAM):   END;
32558     +ELSE DO;
MPRINT(EM_DIAGRAM):   ELSE DO;
32559     +   P_WidgBuyYes  = .;
MPRINT(EM_DIAGRAM):   P_WidgBuyYes = .;
32560     +   P_WidgBuyNo  = .;
MPRINT(EM_DIAGRAM):   P_WidgBuyNo = .;
32561     +END;
MPRINT(EM_DIAGRAM):   END;
32562     +IF _DM_BAD EQ 1 THEN DO;
MPRINT(EM_DIAGRAM):   IF _DM_BAD EQ 1 THEN DO;
32563     +   P_WidgBuyYes  =                 0.55;
MPRINT(EM_DIAGRAM):   P_WidgBuyYes = 0.55;
32564     +   P_WidgBuyNo  =                 0.45;
MPRINT(EM_DIAGRAM):   P_WidgBuyNo = 0.45;
32565     +END;
MPRINT(EM_DIAGRAM):   END;
32566     +*** *****************************;
MPRINT(EM_DIAGRAM):   *** *****************************;
32567     +*** Writing the Residuals  of the Node WidgBuy ;
MPRINT(EM_DIAGRAM):   *** Writing the Residuals of the Node WidgBuy ;
32568     +*** ******************************;
MPRINT(EM_DIAGRAM):   *** ******************************;
32569     +IF MISSING( WidgBuyYes ) THEN R_WidgBuyYes  = . ;
MPRINT(EM_DIAGRAM):   IF MISSING( WidgBuyYes ) THEN R_WidgBuyYes = . ;
32570     +ELSE R_WidgBuyYes  = WidgBuyYes  - P_WidgBuyYes ;
MPRINT(EM_DIAGRAM):   ELSE R_WidgBuyYes = WidgBuyYes - P_WidgBuyYes ;
32571     +IF MISSING( WidgBuyNo ) THEN R_WidgBuyNo  = . ;
MPRINT(EM_DIAGRAM):   IF MISSING( WidgBuyNo ) THEN R_WidgBuyNo = . ;
32572     +ELSE R_WidgBuyNo  = WidgBuyNo  - P_WidgBuyNo ;
MPRINT(EM_DIAGRAM):   ELSE R_WidgBuyNo = WidgBuyNo - P_WidgBuyNo ;
32573     +*** *************************;
MPRINT(EM_DIAGRAM):   *** *************************;
32574     +*** Writing the I_WidgBuy  AND U_WidgBuy ;
MPRINT(EM_DIAGRAM):   *** Writing the I_WidgBuy AND U_WidgBuy ;
32575     +*** *************************;
MPRINT(EM_DIAGRAM):   *** *************************;
32576     +_MAXP_ = P_WidgBuyYes ;
MPRINT(EM_DIAGRAM):   _MAXP_ = P_WidgBuyYes ;
32577     +I_WidgBuy  = "YES" ;
MPRINT(EM_DIAGRAM):   I_WidgBuy = "YES" ;
32578     +U_WidgBuy  = "Yes" ;
MPRINT(EM_DIAGRAM):   U_WidgBuy = "Yes" ;
32579     +IF( _MAXP_ LT P_WidgBuyNo  ) THEN DO;
MPRINT(EM_DIAGRAM):   IF( _MAXP_ LT P_WidgBuyNo ) THEN DO;
32580     +   _MAXP_ = P_WidgBuyNo ;
MPRINT(EM_DIAGRAM):   _MAXP_ = P_WidgBuyNo ;
32581     +   I_WidgBuy  = "NO " ;
MPRINT(EM_DIAGRAM):   I_WidgBuy = "NO " ;
32582     +   U_WidgBuy  = "No " ;
MPRINT(EM_DIAGRAM):   U_WidgBuy = "No " ;
32583     +END;
MPRINT(EM_DIAGRAM):   END;
32584     +********************************;
MPRINT(EM_DIAGRAM):   ********************************;
32585     +*** End Scoring Code for Neural;
MPRINT(EM_DIAGRAM):   *** End Scoring Code for Neural;
32586     +********************************;
MPRINT(EM_DIAGRAM):   ********************************;
32587     +drop
32588     +H11
32589     +;
MPRINT(EM_DIAGRAM):   drop H11 ;
32590     +drop S_:;
MPRINT(EM_DIAGRAM):   drop S_:;
NOTE: %INCLUDE (level 1) ending.
MPRINT(EM_DIAGRAM):   run;
32591      run;

NOTE: DATA STEP view saved on file EMWS1.NEURAL_TRAIN.
NOTE: A stored DATA STEP view cannot run under a different operating system.
NOTE: View EMWS1.FIMPORT_TRAIN.VIEW used (Total process time):
      real time           0.04 seconds
      cpu time            0.04 seconds
      
NOTE: DATA statement used (Total process time):
      real time           0.06 seconds
      cpu time            0.06 seconds
      

MPRINT(EM_DIAGRAM):   quit;
32592      quit;
32593      filename emflow;
MPRINT(EM_DIAGRAM):   filename emflow;
NOTE: Fileref EMFLOW has been deassigned.
32594      *------------------------------------------------------------*;
MPRINT(EM_DIAGRAM):    *------------------------------------------------------------*;
32595      * Neural: Computing metadata for TRAIN data;
MPRINT(EM_DIAGRAM):   * Neural: Computing metadata for TRAIN data;
32596      *------------------------------------------------------------*;
MPRINT(EM_DIAGRAM):   *------------------------------------------------------------*;

NOTE: View EMWS1.NEURAL_TRAIN.VIEW used (Total process time):
      real time           0.07 seconds
      cpu time            0.06 seconds
      
MPRINT(EM_DIAGRAM):    *------------------------------------------------------------*;
MPRINT(EM_DIAGRAM):   * &nodeid: Computing Metadata for TRAIN data;
MPRINT(EM_DIAGRAM):   *------------------------------------------------------------*;
MPRINT(EM_DIAGRAM):   filename _delta 
"C:\Users\bteric01\Documents\Tutorials_Projects\Project_2\Workspaces\EMWS1\Neural\CDELTA_TRAIN.
sas";
MPRINT(EMADVISECOLUMNS):   proc display c=sashelp.emmeta.advisecolumns.scl;
MPRINT(EMADVISECOLUMNS):   run;
MPRINT(EMADVISECOLUMNS):    options validvarname=any;
MPRINT(EMADVISECOLUMNS):   proc contents data=EMWS1.Neural_TRAIN out=_tempAdvisor noprint;
MPRINT(EMADVISECOLUMNS):   run;
MPRINT(EMADVISECOLUMNS):   options validvarname=V7;
MPRINT(EMADVISECOLUMNS):    data _null_;
MPRINT(EMADVISECOLUMNS):   dsid = open('EMWS1.Neural_TRAIN');
MPRINT(EMADVISECOLUMNS):   call symput('_dsidTable', strip(put(dsid, best.)));
MPRINT(EMADVISECOLUMNS):   if dsid then do;
MPRINT(EMADVISECOLUMNS):   call symput('_engineTable', attrc(dsid, 'ENGINE'));
MPRINT(EMADVISECOLUMNS):   dsid = close(dsid);
MPRINT(EMADVISECOLUMNS):   end;
MPRINT(EMADVISECOLUMNS):   run;
MPRINT(EMADVISECOLUMNS):    proc contents data=EMWS1.Neural_TRAIN out=WORK.M2GUXD_O noprint;
MPRINT(EMADVISECOLUMNS):   run;
MPRINT(EMADVISECOLUMNS):    data WORK.M2GUXD_O;
MPRINT(EMADVISECOLUMNS):   length NAME $ 64 TYPE $ 1 LABEL $ 200 FORMAT $ 36 INFORMAT $36 
INDEX $ 1 INDEXTYPE $ 9;
MPRINT(EMADVISECOLUMNS):   label NAME =;
MPRINT(EMADVISECOLUMNS):   set WORK.M2GUXD_O(keep=name type length label format formatl 
formatd informat informl informd idxusage rename=(type=itype));
MPRINT(EMADVISECOLUMNS):   if itype = 1 then type = 'N';
MPRINT(EMADVISECOLUMNS):   else type = 'C';
MPRINT(EMADVISECOLUMNS):   if formatl > 0 then do;
MPRINT(EMADVISECOLUMNS):   if format ne ' ' then format = strip(format)!!strip(put(formatl, 
best12.))!!'.'!!strip(put(formatd, best12.));
MPRINT(EMADVISECOLUMNS):   else format = strip(put(formatl, best12.))!!'.'!!strip(put(formatd, 
best12.));
MPRINT(EMADVISECOLUMNS):   end;
MPRINT(EMADVISECOLUMNS):   else if format ne '' then format = strip(format)!!'.';
MPRINT(EMADVISECOLUMNS):   if informl > 0 then do;
MPRINT(EMADVISECOLUMNS):   if informat ne ' ' then informat = 
strip(informat)!!strip(put(informl, best12.))!!'.'!!strip(put(informd, best12.));
MPRINT(EMADVISECOLUMNS):   else informat = strip(put(informl, 
best12.))!!'.'!!strip(put(informd, best12.));
MPRINT(EMADVISECOLUMNS):   end;
MPRINT(EMADVISECOLUMNS):   else if informat ne '' then informat = strip(informat)!!'.';
MPRINT(EMADVISECOLUMNS):   if idxusage = 'NONE' then index ="N";
MPRINT(EMADVISECOLUMNS):   else index = "Y";
MPRINT(EMADVISECOLUMNS):   indextype = idxusage;
MPRINT(EMADVISECOLUMNS):   drop idxusage itype formatl formatd informl informd;
MPRINT(EMADVISECOLUMNS):   run;
MPRINT(EMADVISECOLUMNS):    data WORK.M2GUXD_O;
MPRINT(EMADVISECOLUMNS):   length UNAME $64;
MPRINT(EMADVISECOLUMNS):   set WORK.M2GUXD_O;
MPRINT(EMADVISECOLUMNS):   UNAME = upcase(NAME);
MPRINT(EMADVISECOLUMNS):   run;
MPRINT(EMADVISECOLUMNS):    proc sort data=WORK.M0YOFI34 NOTHREADS;
MPRINT(EMADVISECOLUMNS):   by UNAME;
MPRINT(EMADVISECOLUMNS):   run;
MPRINT(EMADVISECOLUMNS):    data WORK.M0YOFI34;
MPRINT(EMADVISECOLUMNS):   drop UNAME;
MPRINT(EMADVISECOLUMNS):   set WORK.M0YOFI34;
MPRINT(EMADVISECOLUMNS):   run;
MPRINT(EMADVISECOLUMNS):    data WORK.M0SE3GPE(keep=NAME ATTR);
MPRINT(EMADVISECOLUMNS):   length ATTR $ 20;
MPRINT(EMADVISECOLUMNS):   set WORK.M0YOFI34;
MPRINT(EMADVISECOLUMNS):   if level ne "INTERVAL" then do;
MPRINT(EMADVISECOLUMNS):   if order = ' ' then do;
MPRINT(EMADVISECOLUMNS):   attr = 'ORDER';
MPRINT(EMADVISECOLUMNS):   output;
MPRINT(EMADVISECOLUMNS):   end;
MPRINT(EMADVISECOLUMNS):   end;
MPRINT(EMADVISECOLUMNS):   if format ne ' ' and formattype = ' ' then do;
MPRINT(EMADVISECOLUMNS):   attr = 'FORMATTYPE';
MPRINT(EMADVISECOLUMNS):   output;
MPRINT(EMADVISECOLUMNS):   end;
MPRINT(EMADVISECOLUMNS):   if role = ' ' then do;
MPRINT(EMADVISECOLUMNS):   attr = 'ROLE';
MPRINT(EMADVISECOLUMNS):   output;
MPRINT(EMADVISECOLUMNS):   end;
MPRINT(EMADVISECOLUMNS):   if level = ' ' then do;
MPRINT(EMADVISECOLUMNS):   attr = 'LEVEL';
MPRINT(EMADVISECOLUMNS):   output;
MPRINT(EMADVISECOLUMNS):   end;
MPRINT(EMADVISECOLUMNS):   if type = ' ' then do;
MPRINT(EMADVISECOLUMNS):   attr = 'TYPE';
MPRINT(EMADVISECOLUMNS):   output;
MPRINT(EMADVISECOLUMNS):   end;
MPRINT(EMADVISECOLUMNS):   if index = ' ' then do;
MPRINT(EMADVISECOLUMNS):   attr = 'INDEX';
MPRINT(EMADVISECOLUMNS):   output;
MPRINT(EMADVISECOLUMNS):   end;
MPRINT(EMADVISECOLUMNS):   if report = ' ' then do;
MPRINT(EMADVISECOLUMNS):   attr = 'REPORT';
MPRINT(EMADVISECOLUMNS):   output;
MPRINT(EMADVISECOLUMNS):   end;
MPRINT(EMADVISECOLUMNS):   run;
MPRINT(EMADVISECOLUMNS):   proc sort NOTHREADS;
MPRINT(EMADVISECOLUMNS):   by attr;
MPRINT(EMADVISECOLUMNS):   run;
MPRINT(EMADVISECOLUMNS):    data WORK.M0YOFI34;
MPRINT(EMADVISECOLUMNS):   length NAME $64 ROLE $ 32 LEVEL $ 10 ORDER $ 8 CREATOR $32 
FORMATTYPE $ 10 FAMILY $ 10 LOWERLIMIT 8 UPPERLIMIT 8 REPORT $1 DISTRIBUTION $ 20 COMMENT $64;
MPRINT(EMADVISECOLUMNS):   length levelAssigned 8 roleAssigned 8 PRICE 8;
MPRINT(EMADVISECOLUMNS):   set WORK.M0YOFI34;
MPRINT(EMADVISECOLUMNS):   if formattype = ' ' then do;
MPRINT(EMADVISECOLUMNS):   if format ne ' ' then do;
MPRINT(EMADVISECOLUMNS):   if type = 'N' then do;
MPRINT(EMADVISECOLUMNS):   pos = indexc(format,'.1234567890');
MPRINT(EMADVISECOLUMNS):   if pos > 1 then tempfmt = substr(format,1, pos-1);
MPRINT(EMADVISECOLUMNS):   else tempfmt = ' ';
MPRINT(EMADVISECOLUMNS):   flen = length(tempfmt);
MPRINT(EMADVISECOLUMNS):   select;
MPRINT(EMADVISECOLUMNS):   when(tempfmt in ("DATE" "DAY" "DDMMYY" "DOWNAME" "JULDAY" "JULIAN" 
"MMDDYY" "MMDDYYD" "MMDDYYC" "MMDDYYN" "MMDDYYP" "MMDDYYS" "MONNAME" "MONTH" "MONYY" "NENGO" 
"QTR" "QTRR" "WEEKDATE" "WEEKDATX" "WEEKDAY" "WORDDATE" "WORDDATX" "YEAR" "YYMMDD" "YYMON" 
"YYMMDDC" "YYMMDDD" "YYMMDDN" "YYMMDDP" "YYMMDDS" "EURDFDE" "NJDATE" "NLDATE" "EURDFDD" 
"EURDFDWN" "EURDFMN" "EURDFMY" "EURDFWK" "EURDFWKX" "EURDFWDX" "EURDFDN" "EURDFDE" )) 
formattype = 'DATE';
MPRINT(EMADVISECOLUMNS):   when(tempfmt in ("DATETIME" "EURDFDT" "TOD" )) formattype = 
"DATETIME";
MPRINT(EMADVISECOLUMNS):   when(tempfmt in ("HHMM" "HOUR" "MMSS" "TIME" "TIMEAMPM" )) 
formattype = "TIME";
MPRINT(EMADVISECOLUMNS):   when(tempfmt in ("COMMA" "COMMAX" "DOLLAR" "DOLLARX" "E" "FRACT" 
"NEGPAREN" "PERCENT")) formattype="QUANTITY";
MPRINT(EMADVISECOLUMNS):   when(tempfmt in ("BINARY" "HEX" "IB" "OCTAL" "PD" "PIB" "PK" "RB" 
"SSN" "Z" "ZD")) formattype = "CODING";
MPRINT(EMADVISECOLUMNS):   otherwise do;
MPRINT(EMADVISECOLUMNS):   formattype = "USER";
MPRINT(EMADVISECOLUMNS):   if substr(tempfmt, 1, 6)='NLDATE' then formattype = "DATE";
MPRINT(EMADVISECOLUMNS):   else if substr(tempfmt, 1, 6)='NLDATM' then formattype = "DATETIME";
MPRINT(EMADVISECOLUMNS):   else if substr(tempfmt, 1, 4)='NLTIM' then formattype = "TIME";
MPRINT(EMADVISECOLUMNS):   else if flen >= 4 then do;
MPRINT(EMADVISECOLUMNS):   str = substr(tempfmt,1,4);
MPRINT(EMADVISECOLUMNS):   if str in ("MMYY" "YYMM" "YYQR") then formattype ="DATE";
MPRINT(EMADVISECOLUMNS):   else if str = "S370" then formattype = "CODING";
MPRINT(EMADVISECOLUMNS):   else if str = "BEST" then formattype = "NUM";
MPRINT(EMADVISECOLUMNS):   drop str;
MPRINT(EMADVISECOLUMNS):   end;
MPRINT(EMADVISECOLUMNS):   else if flen >=3 and substr(tempfmt,1,3) = "YYQ" then formatType = 
"DATE";
MPRINT(EMADVISECOLUMNS):   end;
MPRINT(EMADVISECOLUMNS):   end;
MPRINT(EMADVISECOLUMNS):   drop flen tempfmt pos;
MPRINT(EMADVISECOLUMNS):   end;
MPRINT(EMADVISECOLUMNS):   else do;
MPRINT(EMADVISECOLUMNS):   formatType = "CATEGORY";
MPRINT(EMADVISECOLUMNS):   end;
MPRINT(EMADVISECOLUMNS):   end;
MPRINT(EMADVISECOLUMNS):   if formatType = "NUM" then do;
MPRINT(EMADVISECOLUMNS):   if index = "Y" then formatType = "DISCRETE";
MPRINT(EMADVISECOLUMNS):   else formatType = "QUANTITY";
MPRINT(EMADVISECOLUMNS):   end;
MPRINT(EMADVISECOLUMNS):   end;
MPRINT(EMADVISECOLUMNS):   if level = ' ' then do;
MPRINT(EMADVISECOLUMNS):   if formatType in ("CATEGORY", "CODING", "ID") or type = "C" then 
level = "NOMINAL";
MPRINT(EMADVISECOLUMNS):   else level = "INTERVAL";
MPRINT(EMADVISECOLUMNS):   levelAssigned = 1;
MPRINT(EMADVISECOLUMNS):   end;
MPRINT(EMADVISECOLUMNS):   else level = upcase(level);
MPRINT(EMADVISECOLUMNS):   if role = ' ' then do;
MPRINT(EMADVISECOLUMNS):   length name_prefix $8 _uname $64;
MPRINT(EMADVISECOLUMNS):   drop name_prefix _uname _freqflag;
MPRINT(EMADVISECOLUMNS):   retain _freqflag;
MPRINT(EMADVISECOLUMNS):   if LENGTH> 80 then ROLE = 'TEXT';
MPRINT(EMADVISECOLUMNS):   _uname = upcase(NAME);
MPRINT(EMADVISECOLUMNS):   select(_uname);
MPRINT(EMADVISECOLUMNS):   when('_WARN_') ROLE = 'ASSESS';
MPRINT(EMADVISECOLUMNS):   when('EM_SEGMENT') do;
MPRINT(EMADVISECOLUMNS):   ROLE = 'SEGMENT';
MPRINT(EMADVISECOLUMNS):   LEVEL = 'NOMINAL';
MPRINT(EMADVISECOLUMNS):   end;
MPRINT(EMADVISECOLUMNS):   when('_NODE_') do;
MPRINT(EMADVISECOLUMNS):   ROLE = 'SEGMENT';
MPRINT(EMADVISECOLUMNS):   LEVEL = 'NOMINAL';
MPRINT(EMADVISECOLUMNS):   end;
MPRINT(EMADVISECOLUMNS):   when('EM_CLASSTARGET') ROLE = 'ASSESS';
MPRINT(EMADVISECOLUMNS):   when('EM_VALUETARGET') ROLE = 'ASSESS';
MPRINT(EMADVISECOLUMNS):   when('EM_PREDICTION') ROLE = 'PREDICT';
MPRINT(EMADVISECOLUMNS):   when('EM_PROBABILITY') ROLE = 'PREDICT';
MPRINT(EMADVISECOLUMNS):   when('EM_EVENTPROBABILITY') ROLE = 'PREDICT';
MPRINT(EMADVISECOLUMNS):   when('EM_CLASSIFICATION') ROLE = 'CLASSIFICATION';
MPRINT(EMADVISECOLUMNS):   when('EM_DECISION') ROLE = 'DECISION';
MPRINT(EMADVISECOLUMNS):   when('EM_PROFIT') ROLE = 'ASSESS';
MPRINT(EMADVISECOLUMNS):   when('EM_LOSS') ROLE = 'ASSESS';
MPRINT(EMADVISECOLUMNS):   when('EM_ROI') ROLE = 'ASSESS';
MPRINT(EMADVISECOLUMNS):   when('URI') ROLE = 'URL';
MPRINT(EMADVISECOLUMNS):   when('FILTERED') ROLE = 'TEXTLOC';
MPRINT(EMADVISECOLUMNS):   otherwise do;
MPRINT(EMADVISECOLUMNS):   if upcase(NAME) =: 'ZIP' then do;
MPRINT(EMADVISECOLUMNS):   ROLE = 'REJECTED';
MPRINT(EMADVISECOLUMNS):   LEVEL = 'NOMINAL';
MPRINT(EMADVISECOLUMNS):   COMMENT = 'Rejected by: Exceed the maximum class level of %s';
MPRINT(EMADVISECOLUMNS):   end;
MPRINT(EMADVISECOLUMNS):   else if upcase(NAME) in('FREQ', 'FREQUENCY') then do;
MPRINT(EMADVISECOLUMNS):   ROLE = 'FREQ';
MPRINT(EMADVISECOLUMNS):   if TYPE = 'C' then ROLE = 'INPUT';
MPRINT(EMADVISECOLUMNS):   else if _freqflag =1 then ROLE='REJECTED';
MPRINT(EMADVISECOLUMNS):   end;
MPRINT(EMADVISECOLUMNS):   else do;
MPRINT(EMADVISECOLUMNS):   name_prefix = scan(_uname, 1, '_');
MPRINT(EMADVISECOLUMNS):   if scan(_uname, 2, '_') = '' then name_prefix='';
MPRINT(EMADVISECOLUMNS):   if name_prefix in('F', 'I', 'U') then do;
MPRINT(EMADVISECOLUMNS):   ROLE = 'CLASSIFICATION';
MPRINT(EMADVISECOLUMNS):   LEVEL = 'NOMINAL';
MPRINT(EMADVISECOLUMNS):   end;
MPRINT(EMADVISECOLUMNS):   else if name_prefix in('P', 'V') then ROLE = 'PREDICT';
MPRINT(EMADVISECOLUMNS):   else if name_prefix in('R', 'RS', 'RT', 'RD', 'RDS', 'RDT', 'RA', 
'RAS', 'RAT') then ROLE = 'RESIDUAL';
MPRINT(EMADVISECOLUMNS):   else if name_prefix ='D' then do;
MPRINT(EMADVISECOLUMNS):   ROLE = 'DECISION';
MPRINT(EMADVISECOLUMNS):   LEVEL = 'NOMINAL';
MPRINT(EMADVISECOLUMNS):   end;
MPRINT(EMADVISECOLUMNS):   else if name_prefix ='B' then do;
MPRINT(EMADVISECOLUMNS):   ROLE = 'SEGMENT';
MPRINT(EMADVISECOLUMNS):   LEVEL = 'NOMINAL';
MPRINT(EMADVISECOLUMNS):   end;
MPRINT(EMADVISECOLUMNS):   else if name_prefix in('EP', 'BP', 'CP', 'EL', 'CL', 'BL', 'W', 
'ROI', 'IC') then ROLE = 'ASSESS';
MPRINT(EMADVISECOLUMNS):   else do;
MPRINT(EMADVISECOLUMNS):   array _ROLE_ (19) $32 _TEMPORARY_ 
('ASSESS','CLASSIFICATION','CENSOR', 'COST', 'CROSSID', 'DECISION', 'ID','INPUT', 'LABEL', 
'MISSING','PREDICT','REFERRER','REJECTED', 'RESIDUAL','SEGMENT', 'SEQUENCE','TARGET', 'TEXT', 
'TIMEID');
MPRINT(EMADVISECOLUMNS):   drop _found_ i;
MPRINT(EMADVISECOLUMNS):   _found_=0;
MPRINT(EMADVISECOLUMNS):   do i=1 to 19 until(_found_=1);
MPRINT(EMADVISECOLUMNS):   if index(_uname, trim(_ROLE_{i}))=1 then do;
MPRINT(EMADVISECOLUMNS):   ROLE=_ROLE_{i};
MPRINT(EMADVISECOLUMNS):   if ROLE = 'ID' then LEVEL = 'NOMINAL';
MPRINT(EMADVISECOLUMNS):   else if ROLE = 'SEGMENT' then LEVEL = 'NOMINAL';
MPRINT(EMADVISECOLUMNS):   else if ROLE = 'TIMEID' and TYPE='N' then LEVEL = 'INTERVAL';
MPRINT(EMADVISECOLUMNS):   _found_=1;
MPRINT(EMADVISECOLUMNS):   end;
MPRINT(EMADVISECOLUMNS):   end;
MPRINT(EMADVISECOLUMNS):   if length(_uname)>2 then do;
MPRINT(EMADVISECOLUMNS):   if substr(reverse(trim(_uname)), 1, 3) = 'DI_' then do;
MPRINT(EMADVISECOLUMNS):   ROLE = 'ID';
MPRINT(EMADVISECOLUMNS):   LEVEL = 'NOMINAL';
MPRINT(EMADVISECOLUMNS):   end;
MPRINT(EMADVISECOLUMNS):   end;
MPRINT(EMADVISECOLUMNS):   end;
MPRINT(EMADVISECOLUMNS):   end;
MPRINT(EMADVISECOLUMNS):   end;
MPRINT(EMADVISECOLUMNS):   end;
MPRINT(EMADVISECOLUMNS):   if ROLE='FREQ' then _freqflag=1;
MPRINT(EMADVISECOLUMNS):   else if ROLE = 'CLASSIFICATION' then LEVEL = 'NOMINAL';
MPRINT(EMADVISECOLUMNS):   if symexist('RATEMKG_ROLE') then do;
MPRINT(EMADVISECOLUMNS):   if upcase(symget('RATEMKG_ROLE')) in('Y', 'YES') then do;
MPRINT(EMADVISECOLUMNS):   if _uname =: 'POLICY' then ROLE = 'POLICYID';
MPRINT(EMADVISECOLUMNS):   else if _uname in ('PARTITION', '_PARTIND_') then ROLE = 
'PARTITION';
MPRINT(EMADVISECOLUMNS):   else if type = 'N' then do;
MPRINT(EMADVISECOLUMNS):   if _uname = 'EXPOSURE' then ROLE = 'EXPOSURE';
MPRINT(EMADVISECOLUMNS):   else if _uname = 'YEAR' then ROLE = 'YEAR';
MPRINT(EMADVISECOLUMNS):   else if _uname = 'WEIGHT' then ROLE = 'WEIGHT';
MPRINT(EMADVISECOLUMNS):   else if _uname = 'OFFSET' then ROLE = 'OFFSET';
MPRINT(EMADVISECOLUMNS):   end;
MPRINT(EMADVISECOLUMNS):   end;
MPRINT(EMADVISECOLUMNS):   end;
MPRINT(EMADVISECOLUMNS):   end;
MPRINT(EMADVISECOLUMNS):   if role = ' ' then do;
MPRINT(EMADVISECOLUMNS):   if formattype in('DATE', 'DATETIME', 'TIME') then role = 'TIMEID';
MPRINT(EMADVISECOLUMNS):   else role = 'INPUT';
MPRINT(EMADVISECOLUMNS):   roleAssigned = 1;
MPRINT(EMADVISECOLUMNS):   end;
MPRINT(EMADVISECOLUMNS):   else role = upcase(role);
MPRINT(EMADVISECOLUMNS):   if REPORT = '' then REPORT = 'N';
MPRINT(EMADVISECOLUMNS):   run;
MPRINT(EMADVISECOLUMNS):    data WORK.M0YOFI34;
MPRINT(EMADVISECOLUMNS):   set WORK.M0YOFI34;
MPRINT(EMADVISECOLUMNS):   label NAME = "Variable Name" TYPE = "Type" ROLE = "Role" LEVEL= 
"Measurement Level" ORDER= "Order" CREATOR= "Creator" FORMATTYPE= "Format Type" FAMILY= 
"Family" DISTRIBUTION= "Distribution" PRICE= "Price" LOWERLIMIT= "Lower limit" UPPERLIMIT= 
"Upper Limit" REPORT= "Report" COMMENT= "Comment" INDEX= "Index" INDEXTYPE= "IndexType" LABEL= 
"Label" LENGTH= "Length";
MPRINT(EMADVISECOLUMNS):   drop levelAssigned roleAssigned;
MPRINT(EMADVISECOLUMNS):   run;
MPRINT(EMADVISECOLUMNS):   
MPRINT(EM_DIAGRAM):  ;
MPRINT(EM_DIAGRAM):   proc sort data=WORK.COLUMNMETA;
MPRINT(EM_DIAGRAM):   by NAME;
MPRINT(EM_DIAGRAM):   run;
MPRINT(EM_DIAGRAM):   *------------------------------------------------------------*;
MPRINT(EM_DIAGRAM):   * &nodeid: Merge incoming metadata;
MPRINT(EM_DIAGRAM):   *------------------------------------------------------------*;
MPRINT(EM_DIAGRAM):   proc contents data=EMWS1.FIMPORT_train noprint out=_temp2(keep=NAME);
MPRINT(EM_DIAGRAM):   run;
MPRINT(EM_DIAGRAM):   proc sort data=_temp2;
MPRINT(EM_DIAGRAM):   by NAME;
MPRINT(EM_DIAGRAM):   run;
MPRINT(EM_DIAGRAM):   proc sort data=EMWS1.FIMPORT_CMeta_TRAIN out=_temp;
MPRINT(EM_DIAGRAM):   by NAME;
MPRINT(EM_DIAGRAM):   run;
MPRINT(EM_DIAGRAM):   data EMWS1.Neural_CMeta_TRAIN;
MPRINT(EM_DIAGRAM):   merge WORK.COLUMNMETA(in=_a) _temp2(in=_b) _temp(drop=FORMAT INFORMAT 
LENGTH INDEX INDEXTYPE in=_c) end=_eof_;
MPRINT(EM_DIAGRAM):   by NAME;
MPRINT(EM_DIAGRAM):   if (^_a and _b) or (^_c and _a and _b) then delete;
MPRINT(EM_DIAGRAM):   if ^_b then CREATOR = "Neural";
MPRINT(EM_DIAGRAM):   length model $200;
MPRINT(EM_DIAGRAM):   label MODEL = "Model Node";
MPRINT(EM_DIAGRAM):   select(upcase(name));
MPRINT(EM_DIAGRAM):   when("WIDGBUY") model = "Neural";
MPRINT(EM_DIAGRAM):   when('');
MPRINT(EM_DIAGRAM):   otherwise;
MPRINT(EM_DIAGRAM):   end;
MPRINT(EM_DIAGRAM):   *------------------------------------------------------------*;
MPRINT(EM_DIAGRAM):   * Neural: Apply Delta Code;
MPRINT(EM_DIAGRAM):   *------------------------------------------------------------*;
MPRINT(EM_DIAGRAM):   run;
MPRINT(EM_DIAGRAM):   filename _delta;
32923      data EMWS1.Neural_EMINFO;
MPRINT(EM_DIAGRAM):    data EMWS1.Neural_EMINFO;
32924      length TARGET KEY $32 DATA $43;
MPRINT(EM_DIAGRAM):   length TARGET KEY $32 DATA $43;
32925      input TARGET KEY DATA $;
MPRINT(EM_DIAGRAM):   input TARGET KEY DATA $;
32926      cards;
MPRINT(EM_DIAGRAM):   cards;

NOTE: The data set EMWS1.NEURAL_EMINFO has 3 observations and 3 variables.
NOTE: DATA statement used (Total process time):
      real time           0.03 seconds
      cpu time            0.03 seconds
      

MPRINT(EM_DIAGRAM):   run;
32930      run;
32931      proc sort data = EMWS1.Neural_EMINFO NOTHREADS;
MPRINT(EM_DIAGRAM):   proc sort data = EMWS1.Neural_EMINFO NOTHREADS;
32932      by TARGET KEY;
MPRINT(EM_DIAGRAM):   by TARGET KEY;
32933      run;
MPRINT(EM_DIAGRAM):   run;

NOTE: There were 3 observations read from the data set EMWS1.NEURAL_EMINFO.
NOTE: The data set EMWS1.NEURAL_EMINFO has 3 observations and 3 variables.
NOTE: PROCEDURE SORT used (Total process time):
      real time           0.01 seconds
      cpu time            0.01 seconds
      

NOTE: View EMWS1.NEURAL_TRAIN.VIEW used (Total process time):
      real time           0.10 seconds
      cpu time            0.11 seconds
      
MPRINT(EM_DIAGRAM):    proc printto;
MPRINT(EM_DIAGRAM):   run;
